Log file open, 03/23/21 11:04:30
LogInit: Display: Running engine for game: ProjetUnreal
LogPlatformFile: Not using cached read wrapper
LogTaskGraph: Started task graph with 5 named threads and 35 total threads with 3 sets of task threads.
LogStats: Stats thread started at 0.201212
LogD3D11RHI: Loaded GFSDK_Aftermath_Lib.x64.dll
LogICUInternationalization: ICU TimeZone Detection - Raw Offset: +1:00, Platform Override: ''
LogPluginManager: Mounting plugin Paper2D
LogPluginManager: Mounting plugin AISupport
LogPluginManager: Mounting plugin LightPropagationVolume
LogPluginManager: Mounting plugin CameraShakePreviewer
LogPluginManager: Mounting plugin ActorLayerUtilities
LogPluginManager: Mounting plugin AnimationSharing
LogPluginManager: Mounting plugin CLionSourceCodeAccess
LogPluginManager: Mounting plugin CodeLiteSourceCodeAccess
LogPluginManager: Mounting plugin GitSourceControl
LogPluginManager: Mounting plugin KDevelopSourceCodeAccess
LogPluginManager: Mounting plugin NullSourceCodeAccess
LogPluginManager: Mounting plugin PerforceSourceControl
LogPluginManager: Mounting plugin PlasticSourceControl
LogPluginManager: Mounting plugin RiderSourceCodeAccess
LogPluginManager: Mounting plugin SubversionSourceControl
LogPluginManager: Mounting plugin UObjectPlugin
LogPluginManager: Mounting plugin VisualStudioCodeSourceCodeAccess
LogPluginManager: Mounting plugin VisualStudioSourceCodeAccess
LogPluginManager: Mounting plugin XCodeSourceCodeAccess
LogPluginManager: Mounting plugin AssetManagerEditor
LogPluginManager: Mounting plugin CryptoKeys
LogPluginManager: Mounting plugin CurveEditorTools
LogPluginManager: Mounting plugin DataValidation
LogPluginManager: Mounting plugin EditorScriptingUtilities
LogPluginManager: Mounting plugin FacialAnimation
LogPluginManager: Mounting plugin GameplayTagsEditor
LogPluginManager: Mounting plugin GeometryMode
LogPluginManager: Mounting plugin MacGraphicsSwitching
LogPluginManager: Mounting plugin MaterialAnalyzer
LogPluginManager: Mounting plugin MobileLauncherProfileWizard
LogPluginManager: Mounting plugin PluginBrowser
LogPluginManager: Mounting plugin SpeedTreeImporter
LogPluginManager: Mounting plugin DatasmithContent
LogPluginManager: Mounting plugin VariantManagerContent
LogPluginManager: Mounting plugin AlembicImporter
LogPluginManager: Mounting plugin AutomationUtils
LogPluginManager: Mounting plugin BackChannel
LogPluginManager: Mounting plugin ChaosCloth
LogPluginManager: Mounting plugin ChaosClothEditor
LogPluginManager: Mounting plugin ChaosEditor
LogPluginManager: Mounting plugin ChaosNiagara
LogPluginManager: Mounting plugin ChaosSolverPlugin
LogPluginManager: Mounting plugin CharacterAI
LogPluginManager: Mounting plugin GeometryCache
LogPluginManager: Mounting plugin GeometryCollectionPlugin
LogPluginManager: Mounting plugin GeometryProcessing
LogPluginManager: Mounting plugin PlanarCut
LogPluginManager: Mounting plugin PlatformCrypto
LogPluginManager: Mounting plugin ProxyLODPlugin
LogPluginManager: Mounting plugin SkeletalReduction
LogPluginManager: Mounting plugin Niagara
LogPluginManager: Mounting plugin MagicLeap
LogPluginManager: Mounting plugin MagicLeapLightEstimation
LogPluginManager: Mounting plugin MagicLeapMedia
LogPluginManager: Mounting plugin MagicLeapPassableWorld
LogPluginManager: Mounting plugin MLSDK
LogPluginManager: Mounting plugin AndroidMedia
LogPluginManager: Mounting plugin AvfMedia
LogPluginManager: Mounting plugin ImgMedia
LogPluginManager: Mounting plugin MediaCompositing
LogPluginManager: Mounting plugin MediaPlayerEditor
LogPluginManager: Mounting plugin WebMMedia
LogPluginManager: Mounting plugin WmfMedia
LogPluginManager: Mounting plugin MeshPainting
LogPluginManager: Mounting plugin TcpMessaging
LogPluginManager: Mounting plugin UdpMessaging
LogPluginManager: Mounting plugin ActorSequence
LogPluginManager: Mounting plugin LevelSequenceEditor
LogPluginManager: Mounting plugin MatineeToLevelSequence
LogPluginManager: Mounting plugin MovieRenderPipeline
LogPluginManager: Mounting plugin TemplateSequence
LogPluginManager: Mounting plugin NetcodeUnitTest
LogPluginManager: Mounting plugin NUTUnrealEngine4
LogPluginManager: Mounting plugin OnlineSubsystemGooglePlay
LogPluginManager: Mounting plugin OnlineSubsystemIOS
LogPluginManager: Mounting plugin OnlineSubsystem
LogPluginManager: Mounting plugin OnlineSubsystemNull
LogPluginManager: Mounting plugin OnlineSubsystemUtils
LogPluginManager: Mounting plugin LauncherChunkInstaller
LogPluginManager: Mounting plugin AndroidDeviceProfileSelector
LogPluginManager: Mounting plugin AndroidMoviePlayer
LogPluginManager: Mounting plugin AndroidPermission
LogPluginManager: Mounting plugin AppleImageUtils
LogPluginManager: Mounting plugin AppleMoviePlayer
LogPluginManager: Mounting plugin ArchVisCharacter
LogPluginManager: Mounting plugin AssetTags
LogPluginManager: Mounting plugin AudioCapture
LogPluginManager: Mounting plugin CableComponent
LogPluginManager: Mounting plugin CustomMeshComponent
LogPluginManager: Mounting plugin EditableMesh
LogPluginManager: Mounting plugin ExampleDeviceProfileSelector
LogPluginManager: Mounting plugin GoogleCloudMessaging
LogPluginManager: Mounting plugin GooglePAD
LogPluginManager: Mounting plugin IOSDeviceProfileSelector
LogPluginManager: Mounting plugin LinuxDeviceProfileSelector
LogPluginManager: Mounting plugin LocationServicesBPLibrary
LogPluginManager: Mounting plugin MobilePatchingUtils
LogPluginManager: Mounting plugin OculusVR
LogPluginManager: Mounting plugin PhysXVehicles
LogPluginManager: Mounting plugin PostSplashScreen
LogPluginManager: Mounting plugin ProceduralMeshComponent
LogPluginManager: Mounting plugin RuntimePhysXCooking
LogPluginManager: Mounting plugin SignificanceManager
LogPluginManager: Mounting plugin SoundFields
LogPluginManager: Mounting plugin SteamVR
LogPluginManager: Mounting plugin Synthesis
LogPluginManager: Mounting plugin WebMMoviePlayer
LogPluginManager: Mounting plugin WindowsMoviePlayer
LogPluginManager: Mounting plugin ScreenshotTools
LogInit: Using libcurl 7.55.1-DEV
LogInit:  - built for x86_64-pc-win32
LogInit:  - supports SSL with OpenSSL/1.1.1
LogInit:  - supports HTTP deflate (compression) using libz 1.2.8
LogInit:  - other features:
LogInit:      CURL_VERSION_SSL
LogInit:      CURL_VERSION_LIBZ
LogInit:      CURL_VERSION_IPV6
LogInit:      CURL_VERSION_ASYNCHDNS
LogInit:      CURL_VERSION_LARGEFILE
LogInit:      CURL_VERSION_IDN
LogInit:  CurlRequestOptions (configurable via config and command line):
LogInit:  - bVerifyPeer = true  - Libcurl will verify peer certificate
LogInit:  - bUseHttpProxy = false  - Libcurl will NOT use HTTP proxy
LogInit:  - bDontReuseConnections = false  - Libcurl will reuse connections
LogInit:  - MaxHostConnections = 16  - Libcurl will limit the number of connections to a host
LogInit:  - LocalHostAddr = Default
LogInit:  - BufferSize = 65536
LogOnline: OSS: Creating online subsystem instance for: NULL
LogInit: WinSock: version 1.1 (2.2), MaxSocks=32767, MaxUdp=65467
LogOnline: OSS: TryLoadSubsystemAndSetDefault: Loaded subsystem for module [NULL]
LogInit: Build: ++UE4+Release-4.25-CL-14469661
LogInit: Engine Version: 4.25.4-14469661+++UE4+Release-4.25
LogInit: Compatible Engine Version: 4.25.0-13144385+++UE4+Release-4.25
LogInit: Net CL: 13144385
LogInit: OS: Windows 10 (Release 1909) (), CPU: Intel(R) Core(TM) i7-8750H CPU @ 2.20GHz, GPU: NVIDIA GeForce GTX 1070
LogInit: Compiled (64-bit): Oct 11 2020 08:10:49
LogInit: Compiled with Visual C++: 19.24.28315.00
LogInit: Build Configuration: Development
LogInit: Branch Name: ++UE4+Release-4.25
LogInit: Command Line: 
LogInit: Base Directory: D:/Epic Game/UE_4.25/Engine/Binaries/Win64/
LogInit: Allocator: TBB
LogInit: Installed Engine Build: 1
LogDevObjectVersion: Number of dev versions registered: 26
LogDevObjectVersion:   Dev-Blueprints (B0D832E4-1F89-4F0D-ACCF-7EB736FD4AA2): 10
LogDevObjectVersion:   Dev-Build (E1C64328-A22C-4D53-A36C-8E866417BD8C): 0
LogDevObjectVersion:   Dev-Core (375EC13C-06E4-48FB-B500-84F0262A717E): 4
LogDevObjectVersion:   Dev-Editor (E4B068ED-F494-42E9-A231-DA0B2E46BB41): 38
LogDevObjectVersion:   Dev-Framework (CFFC743F-43B0-4480-9391-14DF171D2073): 37
LogDevObjectVersion:   Dev-Mobile (B02B49B5-BB20-44E9-A304-32B752E40360): 2
LogDevObjectVersion:   Dev-Networking (A4E4105C-59A1-49B5-A7C5-40C4547EDFEE): 0
LogDevObjectVersion:   Dev-Online (39C831C9-5AE6-47DC-9A44-9C173E1C8E7C): 0
LogDevObjectVersion:   Dev-Physics (78F01B33-EBEA-4F98-B9B4-84EACCB95AA2): 4
LogDevObjectVersion:   Dev-Platform (6631380F-2D4D-43E0-8009-CF276956A95A): 0
LogDevObjectVersion:   Dev-Rendering (12F88B9F-8875-4AFC-A67C-D90C383ABD29): 43
LogDevObjectVersion:   Dev-Sequencer (7B5AE74C-D270-4C10-A958-57980B212A5A): 12
LogDevObjectVersion:   Dev-VR (D7296918-1DD6-4BDD-9DE2-64A83CC13884): 3
LogDevObjectVersion:   Dev-LoadTimes (C2A15278-BFE7-4AFE-6C17-90FF531DF755): 1
LogDevObjectVersion:   Private-Geometry (6EACA3D4-40EC-4CC1-B786-8BED09428FC5): 3
LogDevObjectVersion:   Dev-AnimPhys (29E575DD-E0A3-4627-9D10-D276232CDCEA): 17
LogDevObjectVersion:   Dev-Anim (AF43A65D-7FD3-4947-9873-3E8ED9C1BB05): 7
LogDevObjectVersion:   Dev-ReflectionCapture (6B266CEC-1EC7-4B8F-A30B-E4D90942FC07): 1
LogDevObjectVersion:   Dev-Automation (0DF73D61-A23F-47EA-B727-89E90C41499A): 1
LogDevObjectVersion:   FortniteMain (601D1886-AC64-4F84-AA16-D3DE0DEAC7D6): 31
LogDevObjectVersion:   Dev-Enterprise (9DFFBCD6-494F-0158-E221-12823C92A888): 10
LogDevObjectVersion:   Dev-Niagara (F2AED0AC-9AFE-416F-8664-AA7FFA26D6FC): 1
LogDevObjectVersion:   Dev-Destruction (174F1F0B-B4C6-45A5-B13F-2EE8D0FB917D): 10
LogDevObjectVersion:   Dev-Physics-Ext (35F94A83-E258-406C-A318-09F59610247C): 37
LogDevObjectVersion:   Dev-PhysicsMaterial-Chaos (B68FC16E-8B1B-42E2-B453-215C058844FE): 1
LogDevObjectVersion:   Dev-CineCamera (B2E18506-4273-CFC2-A54E-F4BB758BBA07): 1
LogInit: Presizing for max 25165824 objects, including 0 objects not considered by GC, pre-allocating 0 bytes for permanent pool.
LogConfig: Applying CVar settings from Section [/Script/Engine.StreamingSettings] File [D:/Epic Game/UE_4.25_Projects/GrapplingProject/GrapplingProject/ProjetUnreal_Copy/Saved/Config/Windows/Engine.ini]
LogConfig: Setting CVar [[s.MinBulkDataSizeForAsyncLoading:131072]]
LogConfig: Setting CVar [[s.AsyncLoadingThreadEnabled:0]]
LogConfig: Setting CVar [[s.EventDrivenLoaderEnabled:1]]
LogConfig: Setting CVar [[s.WarnIfTimeLimitExceeded:0]]
LogConfig: Setting CVar [[s.TimeLimitExceededMultiplier:1.5]]
LogConfig: Setting CVar [[s.TimeLimitExceededMinTime:0.005]]
LogConfig: Setting CVar [[s.UseBackgroundLevelStreaming:1]]
LogConfig: Setting CVar [[s.PriorityAsyncLoadingExtraTime:15.0]]
LogConfig: Setting CVar [[s.LevelStreamingActorsUpdateTimeLimit:5.0]]
LogConfig: Setting CVar [[s.PriorityLevelStreamingActorsUpdateExtraTime:5.0]]
LogConfig: Setting CVar [[s.LevelStreamingComponentsRegistrationGranularity:10]]
LogConfig: Setting CVar [[s.UnregisterComponentsTimeLimit:1.0]]
LogConfig: Setting CVar [[s.LevelStreamingComponentsUnregistrationGranularity:5]]
LogConfig: Setting CVar [[s.FlushStreamingOnExit:1]]
LogInit: Object subsystem initialized
LogConfig: Setting CVar [[con.DebugEarlyDefault:1]]
LogConfig: Setting CVar [[r.setres:1280x720]]
[2021.03.23-10.04.30:524][  0]LogConfig: Setting CVar [[r.VSync:0]]
[2021.03.23-10.04.30:524][  0]LogConfig: Setting CVar [[r.RHICmdBypass:0]]
[2021.03.23-10.04.30:525][  0]LogConfig: Applying CVar settings from Section [/Script/Engine.RendererSettings] File [D:/Epic Game/UE_4.25_Projects/GrapplingProject/GrapplingProject/ProjetUnreal_Copy/Saved/Config/Windows/Engine.ini]
[2021.03.23-10.04.30:525][  0]LogConfig: Setting CVar [[r.GPUCrashDebugging:0]]
[2021.03.23-10.04.30:525][  0]LogConfig: Setting CVar [[r.DefaultFeature.AutoExposure:0]]
[2021.03.23-10.04.30:525][  0]LogConfig: Applying CVar settings from Section [/Script/Engine.RendererOverrideSettings] File [D:/Epic Game/UE_4.25_Projects/GrapplingProject/GrapplingProject/ProjetUnreal_Copy/Saved/Config/Windows/Engine.ini]
[2021.03.23-10.04.30:525][  0]LogConfig: Applying CVar settings from Section [/Script/Engine.StreamingSettings] File [D:/Epic Game/UE_4.25_Projects/GrapplingProject/GrapplingProject/ProjetUnreal_Copy/Saved/Config/Windows/Engine.ini]
[2021.03.23-10.04.30:525][  0]LogConfig: Setting CVar [[s.MinBulkDataSizeForAsyncLoading:131072]]
[2021.03.23-10.04.30:525][  0]LogConfig: Setting CVar [[s.AsyncLoadingThreadEnabled:0]]
[2021.03.23-10.04.30:525][  0]LogConfig: Setting CVar [[s.EventDrivenLoaderEnabled:1]]
[2021.03.23-10.04.30:525][  0]LogConfig: Setting CVar [[s.WarnIfTimeLimitExceeded:0]]
[2021.03.23-10.04.30:525][  0]LogConfig: Setting CVar [[s.TimeLimitExceededMultiplier:1.5]]
[2021.03.23-10.04.30:525][  0]LogConfig: Setting CVar [[s.TimeLimitExceededMinTime:0.005]]
[2021.03.23-10.04.30:525][  0]LogConfig: Setting CVar [[s.UseBackgroundLevelStreaming:1]]
[2021.03.23-10.04.30:525][  0]LogConfig: Setting CVar [[s.PriorityAsyncLoadingExtraTime:15.0]]
[2021.03.23-10.04.30:525][  0]LogConfig: Setting CVar [[s.LevelStreamingActorsUpdateTimeLimit:5.0]]
[2021.03.23-10.04.30:525][  0]LogConfig: Setting CVar [[s.PriorityLevelStreamingActorsUpdateExtraTime:5.0]]
[2021.03.23-10.04.30:525][  0]LogConfig: Setting CVar [[s.LevelStreamingComponentsRegistrationGranularity:10]]
[2021.03.23-10.04.30:525][  0]LogConfig: Setting CVar [[s.UnregisterComponentsTimeLimit:1.0]]
[2021.03.23-10.04.30:525][  0]LogConfig: Setting CVar [[s.LevelStreamingComponentsUnregistrationGranularity:5]]
[2021.03.23-10.04.30:525][  0]LogConfig: Setting CVar [[s.FlushStreamingOnExit:1]]
[2021.03.23-10.04.30:525][  0]LogConfig: Applying CVar settings from Section [/Script/Engine.GarbageCollectionSettings] File [D:/Epic Game/UE_4.25_Projects/GrapplingProject/GrapplingProject/ProjetUnreal_Copy/Saved/Config/Windows/Engine.ini]
[2021.03.23-10.04.30:525][  0]LogConfig: Setting CVar [[gc.MaxObjectsNotConsideredByGC:1]]
[2021.03.23-10.04.30:525][  0]LogConfig: Setting CVar [[gc.SizeOfPermanentObjectPool:0]]
[2021.03.23-10.04.30:525][  0]LogConfig: Setting CVar [[gc.FlushStreamingOnGC:0]]
[2021.03.23-10.04.30:525][  0]LogConfig: Setting CVar [[gc.NumRetriesBeforeForcingGC:10]]
[2021.03.23-10.04.30:525][  0]LogConfig: Setting CVar [[gc.AllowParallelGC:1]]
[2021.03.23-10.04.30:525][  0]LogConfig: Setting CVar [[gc.TimeBetweenPurgingPendingKillObjects:61.1]]
[2021.03.23-10.04.30:525][  0]LogConfig: Setting CVar [[gc.MaxObjectsInEditor:25165824]]
[2021.03.23-10.04.30:525][  0]LogConfig: Setting CVar [[gc.IncrementalBeginDestroyEnabled:1]]
[2021.03.23-10.04.30:525][  0]LogConfig: Setting CVar [[gc.CreateGCClusters:1]]
[2021.03.23-10.04.30:525][  0]LogConfig: Setting CVar [[gc.MinGCClusterSize:5]]
[2021.03.23-10.04.30:525][  0]LogConfig: Setting CVar [[gc.ActorClusteringEnabled:0]]
[2021.03.23-10.04.30:525][  0]LogConfig: Setting CVar [[gc.BlueprintClusteringEnabled:0]]
[2021.03.23-10.04.30:525][  0]LogConfig: Setting CVar [[gc.UseDisregardForGCOnDedicatedServers:0]]
[2021.03.23-10.04.30:525][  0]LogConfig: Applying CVar settings from Section [/Script/Engine.NetworkSettings] File [D:/Epic Game/UE_4.25_Projects/GrapplingProject/GrapplingProject/ProjetUnreal_Copy/Saved/Config/Windows/Engine.ini]
[2021.03.23-10.04.30:525][  0]LogConfig: Applying CVar settings from Section [/Script/UnrealEd.CookerSettings] File [D:/Epic Game/UE_4.25_Projects/GrapplingProject/GrapplingProject/ProjetUnreal_Copy/Saved/Config/Windows/Engine.ini]
[2021.03.23-10.04.30:532][  0]LogConfig: Applying CVar settings from Section [ViewDistanceQuality@3] File [D:/Epic Game/UE_4.25_Projects/GrapplingProject/GrapplingProject/ProjetUnreal_Copy/Saved/Config/Windows/Scalability.ini]
[2021.03.23-10.04.30:532][  0]LogConfig: Setting CVar [[r.SkeletalMeshLODBias:0]]
[2021.03.23-10.04.30:532][  0]LogConfig: Setting CVar [[r.ViewDistanceScale:1.0]]
[2021.03.23-10.04.30:532][  0]LogConfig: Applying CVar settings from Section [AntiAliasingQuality@3] File [D:/Epic Game/UE_4.25_Projects/GrapplingProject/GrapplingProject/ProjetUnreal_Copy/Saved/Config/Windows/Scalability.ini]
[2021.03.23-10.04.30:532][  0]LogConfig: Setting CVar [[r.PostProcessAAQuality:4]]
[2021.03.23-10.04.30:532][  0]LogConfig: Applying CVar settings from Section [ShadowQuality@3] File [D:/Epic Game/UE_4.25_Projects/GrapplingProject/GrapplingProject/ProjetUnreal_Copy/Saved/Config/Windows/Scalability.ini]
[2021.03.23-10.04.30:532][  0]LogConfig: Setting CVar [[r.LightFunctionQuality:1]]
[2021.03.23-10.04.30:532][  0]LogConfig: Setting CVar [[r.ShadowQuality:5]]
[2021.03.23-10.04.30:532][  0]LogConfig: Setting CVar [[r.Shadow.CSM.MaxCascades:10]]
[2021.03.23-10.04.30:532][  0]LogConfig: Setting CVar [[r.Shadow.MaxResolution:2048]]
[2021.03.23-10.04.30:532][  0]LogConfig: Setting CVar [[r.Shadow.MaxCSMResolution:2048]]
[2021.03.23-10.04.30:532][  0]LogConfig: Setting CVar [[r.Shadow.RadiusThreshold:0.01]]
[2021.03.23-10.04.30:532][  0]LogConfig: Setting CVar [[r.Shadow.DistanceScale:1.0]]
[2021.03.23-10.04.30:532][  0]LogConfig: Setting CVar [[r.Shadow.CSM.TransitionScale:1.0]]
[2021.03.23-10.04.30:532][  0]LogConfig: Setting CVar [[r.Shadow.PreShadowResolutionFactor:1.0]]
[2021.03.23-10.04.30:532][  0]LogConfig: Setting CVar [[r.DistanceFieldShadowing:1]]
[2021.03.23-10.04.30:532][  0]LogConfig: Setting CVar [[r.DistanceFieldAO:1]]
[2021.03.23-10.04.30:532][  0]LogConfig: Setting CVar [[r.AOQuality:2]]
[2021.03.23-10.04.30:532][  0]LogConfig: Setting CVar [[r.VolumetricFog:1]]
[2021.03.23-10.04.30:532][  0]LogConfig: Setting CVar [[r.VolumetricFog.GridPixelSize:8]]
[2021.03.23-10.04.30:532][  0]LogConfig: Setting CVar [[r.VolumetricFog.GridSizeZ:128]]
[2021.03.23-10.04.30:532][  0]LogConfig: Setting CVar [[r.VolumetricFog.HistoryMissSupersampleCount:4]]
[2021.03.23-10.04.30:532][  0]LogConfig: Setting CVar [[r.LightMaxDrawDistanceScale:1]]
[2021.03.23-10.04.30:532][  0]LogConfig: Setting CVar [[r.CapsuleShadows:1]]
[2021.03.23-10.04.30:532][  0]LogConfig: Applying CVar settings from Section [PostProcessQuality@3] File [D:/Epic Game/UE_4.25_Projects/GrapplingProject/GrapplingProject/ProjetUnreal_Copy/Saved/Config/Windows/Scalability.ini]
[2021.03.23-10.04.30:532][  0]LogConfig: Setting CVar [[r.MotionBlurQuality:4]]
[2021.03.23-10.04.30:532][  0]LogConfig: Setting CVar [[r.AmbientOcclusionMipLevelFactor:0.4]]
[2021.03.23-10.04.30:532][  0]LogConfig: Setting CVar [[r.AmbientOcclusionMaxQuality:100]]
[2021.03.23-10.04.30:532][  0]LogConfig: Setting CVar [[r.AmbientOcclusionLevels:-1]]
[2021.03.23-10.04.30:532][  0]LogConfig: Setting CVar [[r.AmbientOcclusionRadiusScale:1.0]]
[2021.03.23-10.04.30:532][  0]LogConfig: Setting CVar [[r.DepthOfFieldQuality:2]]
[2021.03.23-10.04.30:532][  0]LogConfig: Setting CVar [[r.RenderTargetPoolMin:400]]
[2021.03.23-10.04.30:532][  0]LogConfig: Setting CVar [[r.LensFlareQuality:2]]
[2021.03.23-10.04.30:532][  0]LogConfig: Setting CVar [[r.SceneColorFringeQuality:1]]
[2021.03.23-10.04.30:532][  0]LogConfig: Setting CVar [[r.EyeAdaptationQuality:2]]
[2021.03.23-10.04.30:532][  0]LogConfig: Setting CVar [[r.BloomQuality:5]]
[2021.03.23-10.04.30:532][  0]LogConfig: Setting CVar [[r.FastBlurThreshold:100]]
[2021.03.23-10.04.30:532][  0]LogConfig: Setting CVar [[r.Upscale.Quality:3]]
[2021.03.23-10.04.30:532][  0]LogConfig: Setting CVar [[r.Tonemapper.GrainQuantization:1]]
[2021.03.23-10.04.30:532][  0]LogConfig: Setting CVar [[r.LightShaftQuality:1]]
[2021.03.23-10.04.30:532][  0]LogConfig: Setting CVar [[r.Filter.SizeScale:1]]
[2021.03.23-10.04.30:532][  0]LogConfig: Setting CVar [[r.Tonemapper.Quality:5]]
[2021.03.23-10.04.30:532][  0]LogConfig: Setting CVar [[r.DOF.Gather.AccumulatorQuality:1        ; higher gathering accumulator quality]]
[2021.03.23-10.04.30:532][  0]LogConfig: Setting CVar [[r.DOF.Gather.PostfilterMethod:1          ; Median3x3 postfilering method]]
[2021.03.23-10.04.30:532][  0]LogConfig: Setting CVar [[r.DOF.Gather.EnableBokehSettings:0       ; no bokeh simulation when gathering]]
[2021.03.23-10.04.30:532][  0]LogConfig: Setting CVar [[r.DOF.Gather.RingCount:4                 ; medium number of samples when gathering]]
[2021.03.23-10.04.30:532][  0]LogConfig: Setting CVar [[r.DOF.Scatter.ForegroundCompositing:1    ; additive foreground scattering]]
[2021.03.23-10.04.30:532][  0]LogConfig: Setting CVar [[r.DOF.Scatter.BackgroundCompositing:2    ; additive background scattering]]
[2021.03.23-10.04.30:532][  0]LogConfig: Setting CVar [[r.DOF.Scatter.EnableBokehSettings:1      ; bokeh simulation when scattering]]
[2021.03.23-10.04.30:532][  0]LogConfig: Setting CVar [[r.DOF.Scatter.MaxSpriteRatio:0.1         ; only a maximum of 10% of scattered bokeh]]
[2021.03.23-10.04.30:532][  0]LogConfig: Setting CVar [[r.DOF.Recombine.Quality:1                ; cheap slight out of focus]]
[2021.03.23-10.04.30:533][  0]LogConfig: Setting CVar [[r.DOF.Recombine.EnableBokehSettings:0    ; no bokeh simulation on slight out of focus]]
[2021.03.23-10.04.30:533][  0]LogConfig: Setting CVar [[r.DOF.TemporalAAQuality:1                ; more stable temporal accumulation]]
[2021.03.23-10.04.30:533][  0]LogConfig: Setting CVar [[r.DOF.Kernel.MaxForegroundRadius:0.025]]
[2021.03.23-10.04.30:533][  0]LogConfig: Setting CVar [[r.DOF.Kernel.MaxBackgroundRadius:0.025]]
[2021.03.23-10.04.30:533][  0]LogConfig: Applying CVar settings from Section [TextureQuality@3] File [D:/Epic Game/UE_4.25_Projects/GrapplingProject/GrapplingProject/ProjetUnreal_Copy/Saved/Config/Windows/Scalability.ini]
[2021.03.23-10.04.30:533][  0]LogConfig: Setting CVar [[r.Streaming.MipBias:0]]
[2021.03.23-10.04.30:533][  0]LogConfig: Setting CVar [[r.Streaming.AmortizeCPUToGPUCopy:0]]
[2021.03.23-10.04.30:533][  0]LogConfig: Setting CVar [[r.Streaming.MaxNumTexturesToStreamPerFrame:0]]
[2021.03.23-10.04.30:533][  0]LogConfig: Setting CVar [[r.Streaming.Boost:1]]
[2021.03.23-10.04.30:533][  0]LogConfig: Setting CVar [[r.MaxAnisotropy:8]]
[2021.03.23-10.04.30:533][  0]LogConfig: Setting CVar [[r.VT.MaxAnisotropy:8]]
[2021.03.23-10.04.30:533][  0]LogConfig: Setting CVar [[r.Streaming.LimitPoolSizeToVRAM:0]]
[2021.03.23-10.04.30:533][  0]LogConfig: Setting CVar [[r.Streaming.PoolSize:1000]]
[2021.03.23-10.04.30:533][  0]LogConfig: Setting CVar [[r.Streaming.MaxEffectiveScreenSize:0]]
[2021.03.23-10.04.30:533][  0]LogConfig: Applying CVar settings from Section [EffectsQuality@3] File [D:/Epic Game/UE_4.25_Projects/GrapplingProject/GrapplingProject/ProjetUnreal_Copy/Saved/Config/Windows/Scalability.ini]
[2021.03.23-10.04.30:533][  0]LogConfig: Setting CVar [[r.TranslucencyLightingVolumeDim:64]]
[2021.03.23-10.04.30:533][  0]LogConfig: Setting CVar [[r.RefractionQuality:2]]
[2021.03.23-10.04.30:533][  0]LogConfig: Setting CVar [[r.SSR.Quality:3]]
[2021.03.23-10.04.30:533][  0]LogConfig: Setting CVar [[r.SSR.HalfResSceneColor:0]]
[2021.03.23-10.04.30:533][  0]LogConfig: Setting CVar [[r.SceneColorFormat:4]]
[2021.03.23-10.04.30:533][  0]LogConfig: Setting CVar [[r.DetailMode:2]]
[2021.03.23-10.04.30:533][  0]LogConfig: Setting CVar [[r.TranslucencyVolumeBlur:1]]
[2021.03.23-10.04.30:533][  0]LogConfig: Setting CVar [[r.MaterialQualityLevel:1 ; High quality]]
[2021.03.23-10.04.30:533][  0]LogConfig: Setting CVar [[r.SSS.Scale:1]]
[2021.03.23-10.04.30:533][  0]LogConfig: Setting CVar [[r.SSS.SampleSet:2]]
[2021.03.23-10.04.30:533][  0]LogConfig: Setting CVar [[r.SSS.Quality:1]]
[2021.03.23-10.04.30:533][  0]LogConfig: Setting CVar [[r.SSS.HalfRes:0]]
[2021.03.23-10.04.30:533][  0]LogConfig: Setting CVar [[r.SSGI.Quality:3]]
[2021.03.23-10.04.30:533][  0]LogConfig: Setting CVar [[r.EmitterSpawnRateScale:1.0]]
[2021.03.23-10.04.30:533][  0]LogConfig: Setting CVar [[r.ParticleLightQuality:2]]
[2021.03.23-10.04.30:533][  0]LogConfig: Setting CVar [[r.SkyAtmosphere.AerialPerspectiveLUT.FastApplyOnOpaque:1 ; Always have FastSkyLUT 1 in this case to avoid wrong sky]]
[2021.03.23-10.04.30:533][  0]LogConfig: Setting CVar [[r.SkyAtmosphere.AerialPerspectiveLUT.SampleCountPerSlice:1]]
[2021.03.23-10.04.30:533][  0]LogConfig: Setting CVar [[r.SkyAtmosphere.AerialPerspectiveLUT.DepthResolution:16.0]]
[2021.03.23-10.04.30:533][  0]LogConfig: Setting CVar [[r.SkyAtmosphere.FastSkyLUT:1]]
[2021.03.23-10.04.30:533][  0]LogConfig: Setting CVar [[r.SkyAtmosphere.FastSkyLUT.SampleCountMin:4.0]]
[2021.03.23-10.04.30:533][  0]LogConfig: Setting CVar [[r.SkyAtmosphere.FastSkyLUT.SampleCountMax:32.0]]
[2021.03.23-10.04.30:533][  0]LogConfig: Setting CVar [[r.SkyAtmosphere.SampleCountMin:4.0]]
[2021.03.23-10.04.30:533][  0]LogConfig: Setting CVar [[r.SkyAtmosphere.SampleCountMax:32.0]]
[2021.03.23-10.04.30:533][  0]LogConfig: Setting CVar [[r.SkyAtmosphere.TransmittanceLUT.UseSmallFormat:0]]
[2021.03.23-10.04.30:533][  0]LogConfig: Setting CVar [[r.SkyAtmosphere.TransmittanceLUT.SampleCount:10.0]]
[2021.03.23-10.04.30:533][  0]LogConfig: Setting CVar [[r.SkyAtmosphere.MultiScatteringLUT.SampleCount:15.0]]
[2021.03.23-10.04.30:533][  0]LogConfig: Applying CVar settings from Section [FoliageQuality@3] File [D:/Epic Game/UE_4.25_Projects/GrapplingProject/GrapplingProject/ProjetUnreal_Copy/Saved/Config/Windows/Scalability.ini]
[2021.03.23-10.04.30:533][  0]LogConfig: Setting CVar [[foliage.DensityScale:1.0]]
[2021.03.23-10.04.30:533][  0]LogConfig: Setting CVar [[grass.DensityScale:1.0]]
[2021.03.23-10.04.30:533][  0]LogConfig: Applying CVar settings from Section [ShadingQuality@3] File [D:/Epic Game/UE_4.25_Projects/GrapplingProject/GrapplingProject/ProjetUnreal_Copy/Saved/Config/Windows/Scalability.ini]
[2021.03.23-10.04.30:533][  0]LogConfig: Setting CVar [[r.HairStrands.SkyLighting.SampleCount:16]]
[2021.03.23-10.04.30:533][  0]LogConfig: Setting CVar [[r.HairStrands.SkyLighting.JitterIntegration:0]]
[2021.03.23-10.04.30:533][  0]LogConfig: Setting CVar [[r.HairStrands.SkyAO.SampleCount:16]]
[2021.03.23-10.04.30:533][  0]LogConfig: Setting CVar [[r.HairStrands.DeepShadow.SuperSampling:0]]
[2021.03.23-10.04.30:533][  0]LogConfig: Setting CVar [[r.HairStrands.VisibilityPPLL:0]]
[2021.03.23-10.04.30:533][  0]LogConfig: Setting CVar [[r.HairStrands.RasterizationScale:0.5]]
[2021.03.23-10.04.30:533][  0]LogConfig: Setting CVar [[r.HairStrands.VelocityRasterizationScale:1]]
[2021.03.23-10.04.30:533][  0]LogInit: Selected Device Profile: [Windows]
[2021.03.23-10.04.30:533][  0]LogInit: Applying CVar settings loaded from the selected device profile: [Windows]
[2021.03.23-10.04.30:533][  0]LogHAL: Display: Platform has ~ 16 GB [17053216768 / 17179869184 / 16], which maps to Larger [LargestMinGB=32, LargerMinGB=12, DefaultMinGB=8, SmallerMinGB=6, SmallestMinGB=0)
[2021.03.23-10.04.30:533][  0]LogInit: Going up to parent DeviceProfile []
[2021.03.23-10.04.30:533][  0]LogConfig: Applying CVar settings from Section [ViewDistanceQuality@3] File [D:/Epic Game/UE_4.25_Projects/GrapplingProject/GrapplingProject/ProjetUnreal_Copy/Saved/Config/Windows/Scalability.ini]
[2021.03.23-10.04.30:533][  0]LogConfig: Setting CVar [[r.SkeletalMeshLODBias:0]]
[2021.03.23-10.04.30:534][  0]LogConfig: Setting CVar [[r.ViewDistanceScale:1.0]]
[2021.03.23-10.04.30:534][  0]LogConfig: Applying CVar settings from Section [AntiAliasingQuality@3] File [D:/Epic Game/UE_4.25_Projects/GrapplingProject/GrapplingProject/ProjetUnreal_Copy/Saved/Config/Windows/Scalability.ini]
[2021.03.23-10.04.30:534][  0]LogConfig: Setting CVar [[r.PostProcessAAQuality:4]]
[2021.03.23-10.04.30:534][  0]LogConfig: Applying CVar settings from Section [ShadowQuality@3] File [D:/Epic Game/UE_4.25_Projects/GrapplingProject/GrapplingProject/ProjetUnreal_Copy/Saved/Config/Windows/Scalability.ini]
[2021.03.23-10.04.30:534][  0]LogConfig: Setting CVar [[r.LightFunctionQuality:1]]
[2021.03.23-10.04.30:534][  0]LogConfig: Setting CVar [[r.ShadowQuality:5]]
[2021.03.23-10.04.30:534][  0]LogConfig: Setting CVar [[r.Shadow.CSM.MaxCascades:10]]
[2021.03.23-10.04.30:534][  0]LogConfig: Setting CVar [[r.Shadow.MaxResolution:2048]]
[2021.03.23-10.04.30:534][  0]LogConfig: Setting CVar [[r.Shadow.MaxCSMResolution:2048]]
[2021.03.23-10.04.30:534][  0]LogConfig: Setting CVar [[r.Shadow.RadiusThreshold:0.01]]
[2021.03.23-10.04.30:534][  0]LogConfig: Setting CVar [[r.Shadow.DistanceScale:1.0]]
[2021.03.23-10.04.30:534][  0]LogConfig: Setting CVar [[r.Shadow.CSM.TransitionScale:1.0]]
[2021.03.23-10.04.30:534][  0]LogConfig: Setting CVar [[r.Shadow.PreShadowResolutionFactor:1.0]]
[2021.03.23-10.04.30:534][  0]LogConfig: Setting CVar [[r.DistanceFieldShadowing:1]]
[2021.03.23-10.04.30:534][  0]LogConfig: Setting CVar [[r.DistanceFieldAO:1]]
[2021.03.23-10.04.30:534][  0]LogConfig: Setting CVar [[r.AOQuality:2]]
[2021.03.23-10.04.30:534][  0]LogConfig: Setting CVar [[r.VolumetricFog:1]]
[2021.03.23-10.04.30:534][  0]LogConfig: Setting CVar [[r.VolumetricFog.GridPixelSize:8]]
[2021.03.23-10.04.30:534][  0]LogConfig: Setting CVar [[r.VolumetricFog.GridSizeZ:128]]
[2021.03.23-10.04.30:534][  0]LogConfig: Setting CVar [[r.VolumetricFog.HistoryMissSupersampleCount:4]]
[2021.03.23-10.04.30:534][  0]LogConfig: Setting CVar [[r.LightMaxDrawDistanceScale:1]]
[2021.03.23-10.04.30:534][  0]LogConfig: Setting CVar [[r.CapsuleShadows:1]]
[2021.03.23-10.04.30:534][  0]LogConfig: Applying CVar settings from Section [PostProcessQuality@3] File [D:/Epic Game/UE_4.25_Projects/GrapplingProject/GrapplingProject/ProjetUnreal_Copy/Saved/Config/Windows/Scalability.ini]
[2021.03.23-10.04.30:534][  0]LogConfig: Setting CVar [[r.MotionBlurQuality:4]]
[2021.03.23-10.04.30:534][  0]LogConfig: Setting CVar [[r.AmbientOcclusionMipLevelFactor:0.4]]
[2021.03.23-10.04.30:534][  0]LogConfig: Setting CVar [[r.AmbientOcclusionMaxQuality:100]]
[2021.03.23-10.04.30:534][  0]LogConfig: Setting CVar [[r.AmbientOcclusionLevels:-1]]
[2021.03.23-10.04.30:534][  0]LogConfig: Setting CVar [[r.AmbientOcclusionRadiusScale:1.0]]
[2021.03.23-10.04.30:534][  0]LogConfig: Setting CVar [[r.DepthOfFieldQuality:2]]
[2021.03.23-10.04.30:534][  0]LogConfig: Setting CVar [[r.RenderTargetPoolMin:400]]
[2021.03.23-10.04.30:534][  0]LogConfig: Setting CVar [[r.LensFlareQuality:2]]
[2021.03.23-10.04.30:534][  0]LogConfig: Setting CVar [[r.SceneColorFringeQuality:1]]
[2021.03.23-10.04.30:534][  0]LogConfig: Setting CVar [[r.EyeAdaptationQuality:2]]
[2021.03.23-10.04.30:534][  0]LogConfig: Setting CVar [[r.BloomQuality:5]]
[2021.03.23-10.04.30:534][  0]LogConfig: Setting CVar [[r.FastBlurThreshold:100]]
[2021.03.23-10.04.30:534][  0]LogConfig: Setting CVar [[r.Upscale.Quality:3]]
[2021.03.23-10.04.30:534][  0]LogConfig: Setting CVar [[r.Tonemapper.GrainQuantization:1]]
[2021.03.23-10.04.30:534][  0]LogConfig: Setting CVar [[r.LightShaftQuality:1]]
[2021.03.23-10.04.30:534][  0]LogConfig: Setting CVar [[r.Filter.SizeScale:1]]
[2021.03.23-10.04.30:534][  0]LogConfig: Setting CVar [[r.Tonemapper.Quality:5]]
[2021.03.23-10.04.30:534][  0]LogConfig: Setting CVar [[r.DOF.Gather.AccumulatorQuality:1        ; higher gathering accumulator quality]]
[2021.03.23-10.04.30:534][  0]LogConfig: Setting CVar [[r.DOF.Gather.PostfilterMethod:1          ; Median3x3 postfilering method]]
[2021.03.23-10.04.30:534][  0]LogConfig: Setting CVar [[r.DOF.Gather.EnableBokehSettings:0       ; no bokeh simulation when gathering]]
[2021.03.23-10.04.30:535][  0]LogConfig: Setting CVar [[r.DOF.Gather.RingCount:4                 ; medium number of samples when gathering]]
[2021.03.23-10.04.30:535][  0]LogConfig: Setting CVar [[r.DOF.Scatter.ForegroundCompositing:1    ; additive foreground scattering]]
[2021.03.23-10.04.30:535][  0]LogConfig: Setting CVar [[r.DOF.Scatter.BackgroundCompositing:2    ; additive background scattering]]
[2021.03.23-10.04.30:535][  0]LogConfig: Setting CVar [[r.DOF.Scatter.EnableBokehSettings:1      ; bokeh simulation when scattering]]
[2021.03.23-10.04.30:535][  0]LogConfig: Setting CVar [[r.DOF.Scatter.MaxSpriteRatio:0.1         ; only a maximum of 10% of scattered bokeh]]
[2021.03.23-10.04.30:535][  0]LogConfig: Setting CVar [[r.DOF.Recombine.Quality:1                ; cheap slight out of focus]]
[2021.03.23-10.04.30:535][  0]LogConfig: Setting CVar [[r.DOF.Recombine.EnableBokehSettings:0    ; no bokeh simulation on slight out of focus]]
[2021.03.23-10.04.30:535][  0]LogConfig: Setting CVar [[r.DOF.TemporalAAQuality:1                ; more stable temporal accumulation]]
[2021.03.23-10.04.30:535][  0]LogConfig: Setting CVar [[r.DOF.Kernel.MaxForegroundRadius:0.025]]
[2021.03.23-10.04.30:535][  0]LogConfig: Setting CVar [[r.DOF.Kernel.MaxBackgroundRadius:0.025]]
[2021.03.23-10.04.30:535][  0]LogConfig: Applying CVar settings from Section [TextureQuality@3] File [D:/Epic Game/UE_4.25_Projects/GrapplingProject/GrapplingProject/ProjetUnreal_Copy/Saved/Config/Windows/Scalability.ini]
[2021.03.23-10.04.30:535][  0]LogConfig: Setting CVar [[r.Streaming.MipBias:0]]
[2021.03.23-10.04.30:535][  0]LogConfig: Setting CVar [[r.Streaming.AmortizeCPUToGPUCopy:0]]
[2021.03.23-10.04.30:535][  0]LogConfig: Setting CVar [[r.Streaming.MaxNumTexturesToStreamPerFrame:0]]
[2021.03.23-10.04.30:535][  0]LogConfig: Setting CVar [[r.Streaming.Boost:1]]
[2021.03.23-10.04.30:535][  0]LogConfig: Setting CVar [[r.MaxAnisotropy:8]]
[2021.03.23-10.04.30:535][  0]LogConfig: Setting CVar [[r.VT.MaxAnisotropy:8]]
[2021.03.23-10.04.30:535][  0]LogConfig: Setting CVar [[r.Streaming.LimitPoolSizeToVRAM:0]]
[2021.03.23-10.04.30:535][  0]LogConfig: Setting CVar [[r.Streaming.PoolSize:1000]]
[2021.03.23-10.04.30:535][  0]LogConfig: Setting CVar [[r.Streaming.MaxEffectiveScreenSize:0]]
[2021.03.23-10.04.30:535][  0]LogConfig: Applying CVar settings from Section [EffectsQuality@3] File [D:/Epic Game/UE_4.25_Projects/GrapplingProject/GrapplingProject/ProjetUnreal_Copy/Saved/Config/Windows/Scalability.ini]
[2021.03.23-10.04.30:535][  0]LogConfig: Setting CVar [[r.TranslucencyLightingVolumeDim:64]]
[2021.03.23-10.04.30:535][  0]LogConfig: Setting CVar [[r.RefractionQuality:2]]
[2021.03.23-10.04.30:535][  0]LogConfig: Setting CVar [[r.SSR.Quality:3]]
[2021.03.23-10.04.30:535][  0]LogConfig: Setting CVar [[r.SSR.HalfResSceneColor:0]]
[2021.03.23-10.04.30:535][  0]LogConfig: Setting CVar [[r.SceneColorFormat:4]]
[2021.03.23-10.04.30:535][  0]LogConfig: Setting CVar [[r.DetailMode:2]]
[2021.03.23-10.04.30:535][  0]LogConfig: Setting CVar [[r.TranslucencyVolumeBlur:1]]
[2021.03.23-10.04.30:535][  0]LogConfig: Setting CVar [[r.MaterialQualityLevel:1 ; High quality]]
[2021.03.23-10.04.30:535][  0]LogConfig: Setting CVar [[r.SSS.Scale:1]]
[2021.03.23-10.04.30:535][  0]LogConfig: Setting CVar [[r.SSS.SampleSet:2]]
[2021.03.23-10.04.30:535][  0]LogConfig: Setting CVar [[r.SSS.Quality:1]]
[2021.03.23-10.04.30:535][  0]LogConfig: Setting CVar [[r.SSS.HalfRes:0]]
[2021.03.23-10.04.30:535][  0]LogConfig: Setting CVar [[r.SSGI.Quality:3]]
[2021.03.23-10.04.30:535][  0]LogConfig: Setting CVar [[r.EmitterSpawnRateScale:1.0]]
[2021.03.23-10.04.30:535][  0]LogConfig: Setting CVar [[r.ParticleLightQuality:2]]
[2021.03.23-10.04.30:535][  0]LogConfig: Setting CVar [[r.SkyAtmosphere.AerialPerspectiveLUT.FastApplyOnOpaque:1 ; Always have FastSkyLUT 1 in this case to avoid wrong sky]]
[2021.03.23-10.04.30:535][  0]LogConfig: Setting CVar [[r.SkyAtmosphere.AerialPerspectiveLUT.SampleCountPerSlice:1]]
[2021.03.23-10.04.30:535][  0]LogConfig: Setting CVar [[r.SkyAtmosphere.AerialPerspectiveLUT.DepthResolution:16.0]]
[2021.03.23-10.04.30:535][  0]LogConfig: Setting CVar [[r.SkyAtmosphere.FastSkyLUT:1]]
[2021.03.23-10.04.30:535][  0]LogConfig: Setting CVar [[r.SkyAtmosphere.FastSkyLUT.SampleCountMin:4.0]]
[2021.03.23-10.04.30:535][  0]LogConfig: Setting CVar [[r.SkyAtmosphere.FastSkyLUT.SampleCountMax:32.0]]
[2021.03.23-10.04.30:535][  0]LogConfig: Setting CVar [[r.SkyAtmosphere.SampleCountMin:4.0]]
[2021.03.23-10.04.30:535][  0]LogConfig: Setting CVar [[r.SkyAtmosphere.SampleCountMax:32.0]]
[2021.03.23-10.04.30:535][  0]LogConfig: Setting CVar [[r.SkyAtmosphere.TransmittanceLUT.UseSmallFormat:0]]
[2021.03.23-10.04.30:535][  0]LogConfig: Setting CVar [[r.SkyAtmosphere.TransmittanceLUT.SampleCount:10.0]]
[2021.03.23-10.04.30:535][  0]LogConfig: Setting CVar [[r.SkyAtmosphere.MultiScatteringLUT.SampleCount:15.0]]
[2021.03.23-10.04.30:535][  0]LogConfig: Applying CVar settings from Section [FoliageQuality@3] File [D:/Epic Game/UE_4.25_Projects/GrapplingProject/GrapplingProject/ProjetUnreal_Copy/Saved/Config/Windows/Scalability.ini]
[2021.03.23-10.04.30:535][  0]LogConfig: Setting CVar [[foliage.DensityScale:1.0]]
[2021.03.23-10.04.30:535][  0]LogConfig: Setting CVar [[grass.DensityScale:1.0]]
[2021.03.23-10.04.30:535][  0]LogConfig: Applying CVar settings from Section [ShadingQuality@3] File [D:/Epic Game/UE_4.25_Projects/GrapplingProject/GrapplingProject/ProjetUnreal_Copy/Saved/Config/Windows/Scalability.ini]
[2021.03.23-10.04.30:535][  0]LogConfig: Setting CVar [[r.HairStrands.SkyLighting.SampleCount:16]]
[2021.03.23-10.04.30:535][  0]LogConfig: Setting CVar [[r.HairStrands.SkyLighting.JitterIntegration:0]]
[2021.03.23-10.04.30:535][  0]LogConfig: Setting CVar [[r.HairStrands.SkyAO.SampleCount:16]]
[2021.03.23-10.04.30:535][  0]LogConfig: Setting CVar [[r.HairStrands.DeepShadow.SuperSampling:0]]
[2021.03.23-10.04.30:535][  0]LogConfig: Setting CVar [[r.HairStrands.VisibilityPPLL:0]]
[2021.03.23-10.04.30:535][  0]LogConfig: Setting CVar [[r.HairStrands.RasterizationScale:0.5]]
[2021.03.23-10.04.30:535][  0]LogConfig: Setting CVar [[r.HairStrands.VelocityRasterizationScale:1]]
[2021.03.23-10.04.30:535][  0]LogConfig: Applying CVar settings from Section [Startup] File [../../../Engine/Config/ConsoleVariables.ini]
[2021.03.23-10.04.30:536][  0]LogConfig: Setting CVar [[net.UseAdaptiveNetUpdateFrequency:0]]
[2021.03.23-10.04.30:536][  0]LogConfig: Setting CVar [[p.chaos.AllowCreatePhysxBodies:1]]
[2021.03.23-10.04.30:536][  0]LogConfig: Setting CVar [[fx.SkipVectorVMBackendOptimizations:1]]
[2021.03.23-10.04.30:536][  0]LogConfig: Applying CVar settings from Section [ConsoleVariables] File [D:/Epic Game/UE_4.25_Projects/GrapplingProject/GrapplingProject/ProjetUnreal_Copy/Saved/Config/Windows/Engine.ini]
[2021.03.23-10.04.30:536][  0]LogInit: Computer: LAPTOP-TARL3OU0
[2021.03.23-10.04.30:536][  0]LogInit: User: Feafj
[2021.03.23-10.04.30:536][  0]LogInit: CPU Page size=4096, Cores=6
[2021.03.23-10.04.30:536][  0]LogInit: High frequency timer resolution =10.000000 MHz
[2021.03.23-10.04.30:536][  0]LogMemory: Memory total: Physical=15.9GB (16GB approx)
[2021.03.23-10.04.30:536][  0]LogMemory: Platform Memory Stats for Windows
[2021.03.23-10.04.30:536][  0]LogMemory: Process Physical Memory: 116.10 MB used, 116.10 MB peak
[2021.03.23-10.04.30:536][  0]LogMemory: Process Virtual Memory: 111.25 MB used, 111.25 MB peak
[2021.03.23-10.04.30:536][  0]LogMemory: Physical Memory: 7768.10 MB used,  8495.11 MB free, 16263.21 MB total
[2021.03.23-10.04.30:536][  0]LogMemory: Virtual Memory: 5179.10 MB used,  134212552.00 MB free, 134217728.00 MB total
[2021.03.23-10.04.30:544][  0]LogWindows: WindowsPlatformFeatures enabled
[2021.03.23-10.04.30:608][  0]LogInit: Physics initialised using underlying interface: PhysX
[2021.03.23-10.04.30:608][  0]LogInit: Using OS detected language (fr-FR).
[2021.03.23-10.04.30:609][  0]LogInit: Using OS detected locale (fr-FR).
[2021.03.23-10.04.30:611][  0]LogTextLocalizationManager: No specific localization for 'fr-FR' exists, so the 'fr' localization will be used.
[2021.03.23-10.04.30:611][  0]LogTextLocalizationResource: LocRes '../../../Engine/Content/Localization/Editor/fr/Editor.locres' could not be opened for reading!
[2021.03.23-10.04.30:611][  0]LogTextLocalizationResource: LocRes '../../../Engine/Content/Localization/EditorTutorials/fr/EditorTutorials.locres' could not be opened for reading!
[2021.03.23-10.04.30:612][  0]LogTextLocalizationResource: LocRes '../../../Engine/Content/Localization/Keywords/fr/Keywords.locres' could not be opened for reading!
[2021.03.23-10.04.30:612][  0]LogTextLocalizationResource: LocRes '../../../Engine/Content/Localization/Category/fr/Category.locres' could not be opened for reading!
[2021.03.23-10.04.30:612][  0]LogTextLocalizationResource: LocRes '../../../Engine/Content/Localization/ToolTips/fr/ToolTips.locres' could not be opened for reading!
[2021.03.23-10.04.30:612][  0]LogTextLocalizationResource: LocRes '../../../Engine/Content/Localization/PropertyNames/fr/PropertyNames.locres' could not be opened for reading!
[2021.03.23-10.04.30:612][  0]LogTextLocalizationResource: LocRes '../../../Engine/Content/Localization/Engine/fr/Engine.locres' could not be opened for reading!
[2021.03.23-10.04.30:613][  0]LogInit: Setting process to per monitor DPI aware
[2021.03.23-10.04.30:660][  0]LogSlate: New Slate User Created.  User Index 0, Is Virtual User: 0
[2021.03.23-10.04.30:660][  0]LogSlate: Slate User Registered.  User Index 0, Is Virtual User: 0
[2021.03.23-10.04.30:807][  0]LogHMD: Failed to initialize OpenVR with code 110
[2021.03.23-10.04.30:807][  0]LogD3D11RHI: D3D11 min allowed feature level: 11_0
[2021.03.23-10.04.30:807][  0]LogD3D11RHI: D3D11 max allowed feature level: 11_0
[2021.03.23-10.04.30:807][  0]LogD3D11RHI: D3D11 adapters:
[2021.03.23-10.04.30:882][  0]LogD3D11RHI:    0. 'NVIDIA GeForce GTX 1070' (Feature Level 11_0)
[2021.03.23-10.04.30:882][  0]LogD3D11RHI:       8081/0/8131 MB DedicatedVideo/DedicatedSystem/SharedSystem, Outputs:2, VendorId:0x10de
[2021.03.23-10.04.30:885][  0]LogD3D11RHI:    1. 'Microsoft Basic Render Driver' (Feature Level 11_0)
[2021.03.23-10.04.30:885][  0]LogD3D11RHI:       0/0/8131 MB DedicatedVideo/DedicatedSystem/SharedSystem, Outputs:0, VendorId:0x1414
[2021.03.23-10.04.30:885][  0]LogD3D11RHI: Chosen D3D11 Adapter: 0
[2021.03.23-10.04.30:894][  0]LogD3D11RHI: Creating new Direct3DDevice
[2021.03.23-10.04.30:895][  0]LogD3D11RHI:     GPU DeviceId: 0x1be1 (for the marketing name, search the web for "GPU Device Id")
[2021.03.23-10.04.30:895][  0]LogWindows: EnumDisplayDevices:
[2021.03.23-10.04.30:895][  0]LogWindows:    0. 'NVIDIA GeForce GTX 1070' (P:1 D:1)
[2021.03.23-10.04.30:895][  0]LogWindows:    1. 'NVIDIA GeForce GTX 1070' (P:0 D:1)
[2021.03.23-10.04.30:895][  0]LogWindows:    2. 'NVIDIA GeForce GTX 1070' (P:0 D:0)
[2021.03.23-10.04.30:896][  0]LogWindows:    3. 'NVIDIA GeForce GTX 1070' (P:0 D:0)
[2021.03.23-10.04.30:896][  0]LogWindows: DebugString: FoundDriverCount:4 
[2021.03.23-10.04.30:896][  0]LogD3D11RHI:     Adapter Name: NVIDIA GeForce GTX 1070
[2021.03.23-10.04.30:896][  0]LogD3D11RHI:   Driver Version: 457.09 (internal:27.21.14.5709, unified:457.09)
[2021.03.23-10.04.30:896][  0]LogD3D11RHI:      Driver Date: 10-22-2020
[2021.03.23-10.04.30:896][  0]LogRHI: Texture pool is 5656 MB (70% of 8081 MB)
[2021.03.23-10.04.30:947][  0]LogD3D11RHI: RHI has support for 64 bit atomics
[2021.03.23-10.04.30:947][  0]LogD3D11RHI: Async texture creation enabled
[2021.03.23-10.04.30:947][  0]LogD3D11RHI: Array index from any shader is supported
[2021.03.23-10.04.30:967][  0]LogD3D11RHI: GPU Timing Frequency: 1000.000000 (Debug: 2 1)
[2021.03.23-10.04.31:375][  0]LogTargetPlatformManager: Display: Loaded TargetPlatform 'AllDesktop'
[2021.03.23-10.04.31:398][  0]LogTargetPlatformManager: Display: Loaded TargetPlatform 'Android'
[2021.03.23-10.04.31:398][  0]LogTargetPlatformManager: Display: Loaded TargetPlatform 'Android_ASTC'
[2021.03.23-10.04.31:398][  0]LogTargetPlatformManager: Display: Loaded TargetPlatform 'Android_DXT'
[2021.03.23-10.04.31:398][  0]LogTargetPlatformManager: Display: Loaded TargetPlatform 'Android_ETC2'
[2021.03.23-10.04.31:398][  0]LogTargetPlatformManager: Display: Loaded TargetPlatform 'AndroidClient'
[2021.03.23-10.04.31:398][  0]LogTargetPlatformManager: Display: Loaded TargetPlatform 'Android_ASTCClient'
[2021.03.23-10.04.31:398][  0]LogTargetPlatformManager: Display: Loaded TargetPlatform 'Android_DXTClient'
[2021.03.23-10.04.31:398][  0]LogTargetPlatformManager: Display: Loaded TargetPlatform 'Android_ETC2Client'
[2021.03.23-10.04.31:398][  0]LogTargetPlatformManager: Display: Loaded TargetPlatform 'Android_Multi'
[2021.03.23-10.04.31:398][  0]LogTargetPlatformManager: Display: Loaded TargetPlatform 'Android_MultiClient'
[2021.03.23-10.04.31:423][  0]LogTargetPlatformManager: Display: Loaded TargetPlatform 'IOSClient'
[2021.03.23-10.04.31:423][  0]LogTargetPlatformManager: Display: Loaded TargetPlatform 'IOS'
[2021.03.23-10.04.31:434][  0]LogTargetPlatformManager: Display: Loaded TargetPlatform 'Linux'
[2021.03.23-10.04.31:445][  0]LogTargetPlatformManager: Display: Loaded TargetPlatform 'LinuxNoEditor'
[2021.03.23-10.04.31:456][  0]LogTargetPlatformManager: Display: Loaded TargetPlatform 'LinuxClient'
[2021.03.23-10.04.31:467][  0]LogTargetPlatformManager: Display: Loaded TargetPlatform 'LinuxServer'
[2021.03.23-10.04.31:478][  0]LogTargetPlatformManager: Display: Loaded TargetPlatform 'LinuxAArch64NoEditor'
[2021.03.23-10.04.31:489][  0]LogTargetPlatformManager: Display: Loaded TargetPlatform 'LinuxAArch64Client'
[2021.03.23-10.04.31:500][  0]LogTargetPlatformManager: Display: Loaded TargetPlatform 'LinuxAArch64Server'
[2021.03.23-10.04.31:531][  0]LogTargetPlatformManager: Display: Loaded TargetPlatform 'Lumin'
[2021.03.23-10.04.31:531][  0]LogTargetPlatformManager: Display: Loaded TargetPlatform 'LuminClient'
[2021.03.23-10.04.31:548][  0]LogTargetPlatformManager: Display: Loaded TargetPlatform 'TVOSClient'
[2021.03.23-10.04.31:548][  0]LogTargetPlatformManager: Display: Loaded TargetPlatform 'TVOS'
[2021.03.23-10.04.31:558][  0]LogTargetPlatformManager: Display: Loaded TargetPlatform 'WindowsNoEditor'
[2021.03.23-10.04.31:568][  0]LogTargetPlatformManager: Display: Loaded TargetPlatform 'Windows'
[2021.03.23-10.04.31:578][  0]LogTargetPlatformManager: Display: Loaded TargetPlatform 'WindowsClient'
[2021.03.23-10.04.31:589][  0]LogTargetPlatformManager: Display: Loaded TargetPlatform 'WindowsServer'
[2021.03.23-10.04.31:589][  0]LogTargetPlatformManager: Display: Building Assets For Windows
[2021.03.23-10.04.31:602][  0]LogAudioDebug: Display: Lib vorbis DLL was dynamically loaded.
[2021.03.23-10.04.31:671][  0]LogShaderCompilers: Guid format shader working directory is -35 characters bigger than the processId version (../../../../UE_4.25_Projects/GrapplingProject/GrapplingProject/ProjetUnreal_Copy/Intermediate/Shaders/WorkingDirectory/16628/).
[2021.03.23-10.04.31:671][  0]LogShaderCompilers: Cleaned the shader compiler working directory 'C:/Users/Feafj/AppData/Local/Temp/UnrealShaderWorkingDir/2846DF0C4BE9A30DE196AB9C01D6BF32/'.
[2021.03.23-10.04.31:672][  0]LogXGEController: Cannot use XGE Controller as Incredibuild is not installed on this machine.
[2021.03.23-10.04.31:672][  0]LogShaderCompilers: Cannot use XGE Shader Compiler as Incredibuild is not installed on this machine.
[2021.03.23-10.04.31:672][  0]LogShaderCompilers: Display: Using Local Shader Compiler.
[2021.03.23-10.04.32:559][  0]LogDerivedDataCache: Display: Max Cache Size: 512 MB
[2021.03.23-10.04.32:617][  0]LogDerivedDataCache: Loaded boot cache 0.06s 76MB C:/Users/Feafj/AppData/Local/UnrealEngine/4.25/DerivedDataCache/Boot.ddc.
[2021.03.23-10.04.32:617][  0]LogDerivedDataCache: Display: Loaded Boot cache: C:/Users/Feafj/AppData/Local/UnrealEngine/4.25/DerivedDataCache/Boot.ddc
[2021.03.23-10.04.32:618][  0]LogDerivedDataCache: FDerivedDataBackendGraph:  Pak pak cache file ../../../../UE_4.25_Projects/GrapplingProject/GrapplingProject/ProjetUnreal_Copy/DerivedDataCache/DDC.ddp not found, will not use a pak cache.
[2021.03.23-10.04.32:618][  0]LogDerivedDataCache: Unable to find inner node Pak for hierarchical cache Hierarchy.
[2021.03.23-10.04.32:618][  0]LogDerivedDataCache: FDerivedDataBackendGraph:  CompressedPak pak cache file ../../../../UE_4.25_Projects/GrapplingProject/GrapplingProject/ProjetUnreal_Copy/DerivedDataCache/Compressed.ddp not found, will not use a pak cache.
[2021.03.23-10.04.32:618][  0]LogDerivedDataCache: Unable to find inner node CompressedPak for hierarchical cache Hierarchy.
[2021.03.23-10.04.32:630][  0]LogDerivedDataCache: Display: Pak cache opened for reading ../../../Engine/DerivedDataCache/Compressed.ddp.
[2021.03.23-10.04.32:630][  0]LogDerivedDataCache: FDerivedDataBackendGraph:  EnterprisePak pak cache file ../../../Enterprise/DerivedDataCache/Compressed.ddp not found, will not use a pak cache.
[2021.03.23-10.04.32:630][  0]LogDerivedDataCache: Unable to find inner node EnterprisePak for hierarchical cache Hierarchy.
[2021.03.23-10.04.32:631][  0]LogDerivedDataCache: Using Local data cache path C:/Users/Feafj/AppData/Local/UnrealEngine/Common/DerivedDataCache: Writable
[2021.03.23-10.04.32:631][  0]LogDerivedDataCache: Shared data cache path not found in *engine.ini, will not use an Shared cache.
[2021.03.23-10.04.32:631][  0]LogDerivedDataCache: Unable to find inner node Shared for hierarchical cache Hierarchy.
[2021.03.23-10.04.32:692][  0]LogSlate: Using FreeType 2.10.0
[2021.03.23-10.04.32:693][  0]LogSlate: SlateFontServices - WITH_FREETYPE: 1, WITH_HARFBUZZ: 1
[2021.03.23-10.04.32:723][  0]LogAssetRegistry: FAssetRegistry took 0.0039 seconds to start up
[2021.03.23-10.04.33:011][  0]LogInit: Selected Device Profile: [Windows]
[2021.03.23-10.04.33:143][  0]LogMeshReduction: Using QuadricMeshReduction for automatic static mesh reduction
[2021.03.23-10.04.33:143][  0]LogMeshReduction: Using SimplygonMeshReduction for automatic skeletal mesh reduction
[2021.03.23-10.04.33:143][  0]LogMeshReduction: Using ProxyLODMeshReduction for automatic mesh merging
[2021.03.23-10.04.33:143][  0]LogMeshReduction: No distributed automatic mesh merging module available
[2021.03.23-10.04.33:143][  0]LogMeshMerging: No distributed automatic mesh merging module available
[2021.03.23-10.04.33:165][  0]LogNetVersion: ProjetUnreal 1.0.0, NetCL: 13144385, EngineNetVer: 14, GameNetVer: 0 (Checksum: 712950808)
[2021.03.23-10.04.33:634][  0]LogAISub: UAISubsystem::UAISubsystem AISubsystem (000001FC39E0D840), frame # 0
[2021.03.23-10.04.33:634][  0]LogAISub: UAISubsystem::UAISubsystem AIPerceptionSystem (000001FC39D6D080), frame # 0
[2021.03.23-10.04.33:635][  0]LogAISub: UAISubsystem::UAISubsystem EnvQueryManager (000001FC39DAE000), frame # 0
[2021.03.23-10.04.33:689][  0]LogPackageLocalizationCache: Processed 19 localized package path(s) for 1 prioritized culture(s) in 0.047783 seconds
[2021.03.23-10.04.33:696][  0]LogUObjectArray: 15917 objects as part of root set at end of initial load.
[2021.03.23-10.04.33:696][  0]LogUObjectAllocator: 3965568 out of 0 bytes used by permanent object pool.
[2021.03.23-10.04.33:696][  0]LogUObjectArray: CloseDisregardForGC: 0/0 objects in disregard for GC pool
[2021.03.23-10.04.34:044][  0]LogTcpMessaging: Initializing TcpMessaging bridge
[2021.03.23-10.04.34:049][  0]LogUdpMessaging: Initializing bridge on interface 0.0.0.0:0 to multicast group 230.0.0.1:6666.
[2021.03.23-10.04.34:098][  0]LogLinker: Warning: Failed to load '/Game/ThirdPersonBP/ThirdPersonOverview': Can't find file.
[2021.03.23-10.04.34:098][  0]LogLinker: Warning: Failed to load '/Game/ThirdPersonBP/ThirdPersonOverview': Can't find file.
[2021.03.23-10.04.34:098][  0]LogUObjectGlobals: Warning: Failed to find object 'Class /Game/ThirdPersonBP/ThirdPersonOverview.ThirdPersonOverview_C'
[2021.03.23-10.04.34:135][  0]SourceControl: Source control is disabled
[2021.03.23-10.04.34:135][  0]SourceControl: Source control is disabled
[2021.03.23-10.04.34:138][  0]SourceControl: Source control is disabled
[2021.03.23-10.04.34:141][  0]SourceControl: Source control is disabled
[2021.03.23-10.04.34:147][  0]SourceControl: Source control is disabled
[2021.03.23-10.04.34:410][  0]LogAndroidPermission: UAndroidPermissionCallbackProxy::GetInstance
[2021.03.23-10.04.34:435][  0]LogAudioCaptureCore: Display: No Audio Capture implementations found. Audio input will be silent.
[2021.03.23-10.04.34:435][  0]LogAudioCaptureCore: Display: No Audio Capture implementations found. Audio input will be silent.
[2021.03.23-10.04.34:493][  0]LogOcInput: OculusInput pre-init called
[2021.03.23-10.04.34:504][  0]LogWindows: Failed to load 'OVRPlugin.dll' (GetLastError=126)
[2021.03.23-10.04.34:504][  0]LogWindows: File 'OVRPlugin.dll' does not exist
[2021.03.23-10.04.34:574][  0]LogEngine: Initializing Engine...
[2021.03.23-10.04.34:575][  0]LogHMD: Failed to initialize OpenVR with code 110
[2021.03.23-10.04.34:575][  0]LogMagicLeap: Warning: VR disabled because ZI is not enabled.  To enable, in the editor, Edit -> Project Settings -> Plugins -> Magic Leap Plugin -> Enable Zero Iteration
[2021.03.23-10.04.34:576][  0]LogStats: UGameplayTagsManager::InitializeManager -  0.000 s
[2021.03.23-10.04.34:725][  0]LogInit: Initializing FReadOnlyCVARCache
[2021.03.23-10.04.34:735][  0]LogAIModule: Creating AISystem for world Untitled
[2021.03.23-10.04.34:735][  0]LogAISub: UAISubsystem::UAISubsystem EnvQueryManager (000001FC4033BC00), frame # 0
[2021.03.23-10.04.34:735][  0]LogAISub: UAISubsystem::UAISubsystem AIPerceptionSystem (000001FC403439C0), frame # 0
[2021.03.23-10.04.34:750][  0]LogAudioMixer: Display: Audio Mixer Platform Settings:
[2021.03.23-10.04.34:750][  0]LogAudioMixer: Display: 	Sample Rate:						  48000
[2021.03.23-10.04.34:750][  0]LogAudioMixer: Display: 	Callback Buffer Frame Size Requested: 1024
[2021.03.23-10.04.34:750][  0]LogAudioMixer: Display: 	Callback Buffer Frame Size To Use:	  1024
[2021.03.23-10.04.34:750][  0]LogAudioMixer: Display: 	Number of buffers to queue:			  2
[2021.03.23-10.04.34:750][  0]LogAudioMixer: Display: 	Max Channels (voices):				  32
[2021.03.23-10.04.34:750][  0]LogAudioMixer: Display: 	Number of Async Source Workers:		  0
[2021.03.23-10.04.34:750][  0]LogAudio: Display: AudioDevice MaxSources: 32
[2021.03.23-10.04.34:750][  0]LogAudio: Display: Using built-in audio occlusion.
[2021.03.23-10.04.34:751][  0]LogAudioMixer: Display: Initializing audio mixer.
[2021.03.23-10.04.34:781][  0]LogAudioMixer: Display: 0: FrontLeft
[2021.03.23-10.04.34:781][  0]LogAudioMixer: Display: 1: FrontRight
[2021.03.23-10.04.34:860][  0]LogAudioMixer: Display: Using Audio Device Haut-parleur/Ecouteurs (Realtek High Definition Audio)
[2021.03.23-10.04.34:863][  0]LogAudioMixer: Display: Initializing Sound Submixes...
[2021.03.23-10.04.34:865][  0]LogAudioMixer: Display: Creating Master Submix 'MasterSubmixDefault'
[2021.03.23-10.04.34:865][  0]LogAudioMixer: Display: Creating Master Submix 'MasterReverbSubmixDefault'
[2021.03.23-10.04.34:866][  0]LogAudioMixer: Display: Creating Master Submix 'MasterEQSubmixDefault'
[2021.03.23-10.04.34:867][  0]LogInit: FAudioDevice initialized.
[2021.03.23-10.04.34:868][  0]LogNetVersion: Set ProjectVersion to 1.0.0.0. Version Checksum will be recalculated on next use.
[2021.03.23-10.04.35:033][  0]LogDerivedDataCache: Saved boot cache 0.17s 76MB C:/Users/Feafj/AppData/Local/UnrealEngine/4.25/DerivedDataCache/Boot.ddc.
[2021.03.23-10.04.35:038][  0]LogInit: Texture streaming: Enabled
[2021.03.23-10.04.35:058][  0]LogEngineSessionManager: EngineSessionManager initialized
[2021.03.23-10.04.35:058][  0]LogEngineSessionManager: EngineSessionManager sent abnormal shutdown report. Type=Crashed, SessionId={BEA0FC6D-4540-A64D-C4BC-7A80994C0F7D}
[2021.03.23-10.04.35:058][  0]LogEditorSessionSummary: Verbose: Initializing EditorSessionSummaryWriter for editor session tracking
[2021.03.23-10.04.35:060][  0]LogEditorSessionSummary: EditorSessionSummaryWriter initialized
[2021.03.23-10.04.35:157][  0]LogInit: Transaction tracking system initialized
[2021.03.23-10.04.35:183][  0]BlueprintLog: New page: Editor Load
[2021.03.23-10.04.35:256][  0]LocalizationService: Localization service is disabled
[2021.03.23-10.04.35:414][  0]LogCook: Display: Max memory allowance for cook 16384mb min free memory 0mb
[2021.03.23-10.04.35:414][  0]LogCook: Display: Mobile HDR setting 1
[2021.03.23-10.04.35:423][  0]LogFileCache: Scanning file cache for directory 'D:/Epic Game/UE_4.25_Projects/GrapplingProject/GrapplingProject/ProjetUnreal_Copy/Content/' took 0.00s
[2021.03.23-10.04.35:777][  0]SourceControl: Source control is disabled
[2021.03.23-10.04.35:777][  0]LogUnrealEdMisc: Loading editor; pre map load, took 6.701
[2021.03.23-10.04.35:777][  0]Cmd: MAP LOAD FILE="../../../../UE_4.25_Projects/GrapplingProject/GrapplingProject/ProjetUnreal_Copy/Content/Maps/MapTestVincent.umap" TEMPLATE=0 SHOWPROGRESS=1 FEATURELEVEL=3
[2021.03.23-10.04.35:777][  0]LightingResults: New page: Lighting Build
[2021.03.23-10.04.35:778][  0]LogWorld: UWorld::CleanupWorld for Untitled, bSessionEnded=true, bCleanupResources=true
[2021.03.23-10.04.35:778][  0]LogSlate: InvalidateAllWidgets triggered.  All widgets were invalidated
[2021.03.23-10.04.35:778][  0]MapCheck: New page: Map Check
[2021.03.23-10.04.35:778][  0]LightingResults: New page: Lighting Build
[2021.03.23-10.04.35:797][  0]LogAISub: UAISubsystem::~UAISubsystem EnvQueryManager (000001FC4033BC00), frame # 0
[2021.03.23-10.04.35:797][  0]LogAISub: UAISubsystem::~UAISubsystem AIPerceptionSystem (000001FC403439C0), frame # 0
[2021.03.23-10.04.35:798][  0]LogUObjectHash: Compacting FUObjectHashTables data took   0.72ms
[2021.03.23-10.04.35:854][  0]LogLinker: Warning: While loading '../../../../UE_4.25_Projects/GrapplingProject/GrapplingProject/ProjetUnreal_Copy/Content/Maps/MapTestVincent.umap' failed to load '/Game/Maps/MapTestVincent_BuiltData': Can't find file.
[2021.03.23-10.04.35:854][  0]LogLinker: Warning: While loading '../../../../UE_4.25_Projects/GrapplingProject/GrapplingProject/ProjetUnreal_Copy/Content/Maps/MapTestVincent.umap' failed to load '/Game/Maps/MapTestVincent_BuiltData': Can't find file.
[2021.03.23-10.04.35:856][  0]LogLinker: Warning: While loading '../../../../UE_4.25_Projects/GrapplingProject/GrapplingProject/ProjetUnreal_Copy/Content/Maps/MapTestVincent.umap' failed to load '/Game/Maps/MapTestVincent_BuiltData': Can't find file.
[2021.03.23-10.04.35:856][  0]LogLinker: Warning: While loading '../../../../UE_4.25_Projects/GrapplingProject/GrapplingProject/ProjetUnreal_Copy/Content/Maps/MapTestVincent.umap' failed to load '/Game/Maps/MapTestVincent_BuiltData': Can't find file.
[2021.03.23-10.04.36:111][  0]LogLinker: Warning: Failed to load '/Game/Maps/MapTestVincent_BuiltData': Can't find file.
[2021.03.23-10.04.36:111][  0]LogLinker: Warning: Failed to load '/Game/Maps/MapTestVincent_BuiltData': Can't find file.
[2021.03.23-10.04.36:111][  0]LogLinker: Warning: Failed to load '/Game/Maps/MapTestVincent_BuiltData': Can't find file.
[2021.03.23-10.04.36:111][  0]LogLinker: Warning: Failed to load '/Game/Maps/MapTestVincent_BuiltData': Can't find file.
[2021.03.23-10.04.36:206][  0]LogLinker: Warning: While loading '../../../../UE_4.25_Projects/GrapplingProject/GrapplingProject/ProjetUnreal_Copy/Content/Maps/MapTestVincent.umap' failed to load '/Game/Maps/MapTestVincent_BuiltData': Can't find file.
[2021.03.23-10.04.36:206][  0]LoadErrors: Failed to load /Game/Maps/MapTestVincent_BuiltData.MapTestVincent_BuiltData Referenced by PersistentLevel
[2021.03.23-10.04.36:206][  0]LogLinker: Warning: While loading '../../../../UE_4.25_Projects/GrapplingProject/GrapplingProject/ProjetUnreal_Copy/Content/Maps/MapTestVincent.umap' failed to load '/Game/Maps/MapTestVincent_BuiltData': Can't find file.
[2021.03.23-10.04.36:206][  0]LoadErrors: Failed to load /Game/Maps/MapTestVincent_BuiltData.MapTestVincent_BuiltData Referenced by PersistentLevel
[2021.03.23-10.04.36:265][  0]LogAIModule: Creating AISystem for world MapTestVincent
[2021.03.23-10.04.36:265][  0]LogAISub: UAISubsystem::UAISubsystem EnvQueryManager (000001FC350C4C00), frame # 0
[2021.03.23-10.04.36:265][  0]LogAISub: UAISubsystem::UAISubsystem AIPerceptionSystem (000001FC3501FB00), frame # 0
[2021.03.23-10.04.36:271][  0]LogEditorServer: Finished looking for orphan Actors (0.001 secs)
[2021.03.23-10.04.36:294][  0]LogUObjectHash: Compacting FUObjectHashTables data took   1.54ms
[2021.03.23-10.04.36:295][  0]Cmd: MAP CHECKDEP NOCLEARLOG
[2021.03.23-10.04.36:295][  0]MapCheck: Map check complete: 0 Error(s), 0 Warning(s), took 0,165ms to complete.
[2021.03.23-10.04.36:295][  0]LogFileHelpers: Loading map 'MapTestVincent' took 0.519
[2021.03.23-10.04.36:297][  0]LogUnrealEdMisc: Total Editor Startup Time, took 7.222
[2021.03.23-10.04.36:434][  0]LogCollectionManager: Loaded 0 collections in 0.000718 seconds
[2021.03.23-10.04.36:448][  0]LogFileCache: Scanning file cache for directory 'D:/Epic Game/UE_4.25_Projects/GrapplingProject/GrapplingProject/ProjetUnreal_Copy/Saved/Collections/' took 0.00s
[2021.03.23-10.04.36:448][  0]LogFileCache: Scanning file cache for directory 'D:/Epic Game/UE_4.25_Projects/GrapplingProject/GrapplingProject/ProjetUnreal_Copy/Content/Developers/Feafj/Collections/' took 0.00s
[2021.03.23-10.04.36:448][  0]LogFileCache: Scanning file cache for directory 'D:/Epic Game/UE_4.25_Projects/GrapplingProject/GrapplingProject/ProjetUnreal_Copy/Content/Collections/' took 0.00s
[2021.03.23-10.04.36:448][  0]LogContentBrowser: Native class hierarchy populated in 0.0089 seconds. Added 3429 classes and 824 folders.
[2021.03.23-10.04.36:451][  0]LogContentBrowser: Native class hierarchy updated for 'WidgetCarousel' in 0.0003 seconds. Added 0 classes and 0 folders.
[2021.03.23-10.04.36:498][  0]LogContentBrowser: Native class hierarchy updated for 'AddContentDialog' in 0.0003 seconds. Added 0 classes and 0 folders.
[2021.03.23-10.04.36:513][  0]LogSlate: Updating window title bar state: overlay mode, drag disabled, window buttons hidden, title bar hidden
[2021.03.23-10.04.36:516][  0]LogContentBrowser: Native class hierarchy updated for 'SceneOutliner' in 0.0003 seconds. Added 2 classes and 0 folders.
[2021.03.23-10.04.36:518][  0]LogSlate: The tab "TakeRecorder" attempted to spawn but failed for some reason. It will not be displayed but it will still be saved in the layout settings file.
[2021.03.23-10.04.37:045][  0]LogSlate: Took 0.000175 seconds to synchronously load lazily loaded font '../../../Engine/Content/Slate/Fonts/Roboto-Regular.ttf' (155K)
[2021.03.23-10.04.37:047][  0]LogSlate: Took 0.000128 seconds to synchronously load lazily loaded font '../../../Engine/Content/Slate/Fonts/Roboto-Bold.ttf' (160K)
[2021.03.23-10.04.37:048][  0]LogSlate: Took 0.000101 seconds to synchronously load lazily loaded font '../../../Engine/Content/Editor/Slate/Fonts/FontAwesome.ttf' (139K)
[2021.03.23-10.04.37:137][  0]LogRenderer: Reallocating scene render targets to support 1096x584 Format 10 NumSamples 1 (Frame:1).
[2021.03.23-10.04.37:249][  0]LogContentBrowser: Native class hierarchy updated for 'HierarchicalLODOutliner' in 0.0003 seconds. Added 0 classes and 0 folders.
[2021.03.23-10.04.37:249][  0]LogLoad: (Engine Initialization) Total time: 8.17 seconds
[2021.03.23-10.04.37:249][  0]LogLoad: (Engine Initialization) Total Blueprint compile time: 0.00 seconds
[2021.03.23-10.04.37:308][  0]LogAssetRegistry: Asset discovery search completed in 4.5872 seconds
[2021.03.23-10.04.37:314][  0]LogCollectionManager: Fixed up redirectors for 0 collections in 0.000002 seconds (updated 0 objects)
[2021.03.23-10.04.37:315][  0]LogContentStreaming: Texture pool size now 1000 MB
[2021.03.23-10.04.37:383][  0]LogSlate: Took 0.000113 seconds to synchronously load lazily loaded font '../../../Engine/Content/Slate/Fonts/Roboto-Light.ttf' (167K)
[2021.03.23-10.04.37:416][  0]LogRenderer: Reallocating scene render targets to support 1096x596 Format 10 NumSamples 1 (Frame:5).
[2021.03.23-10.04.37:416][  0]LogSlate: Took 0.000132 seconds to synchronously load lazily loaded font '../../../Engine/Content/Slate/Fonts/DroidSansMono.ttf' (77K)
[2021.03.23-10.04.38:309][ 47]LogSlate: Took 0.000120 seconds to synchronously load lazily loaded font '../../../Engine/Content/Slate/Fonts/Roboto-Light.ttf' (167K)
[2021.03.23-10.04.39:616][117]LogSlate: Window 'Message Log' being destroyed
[2021.03.23-10.04.39:620][117]LogSlate: Window 'Message Log' being destroyed
[2021.03.23-10.04.40:632][174]LogAssetEditorSubsystem: Opening Asset editor for WidgetBlueprint /Game/JMenu/Options.Options
[2021.03.23-10.04.40:881][174]LogContentBrowser: Native class hierarchy updated for 'BlueprintGraph' in 0.0007 seconds. Added 125 classes and 0 folders.
[2021.03.23-10.04.42:231][174]LogSlate: Took 0.000130 seconds to synchronously load lazily loaded font '../../../Engine/Content/Slate/Fonts/Roboto-BoldCondensed.ttf' (158K)
[2021.03.23-10.04.42:852][210]LogSlate: Took 0.001594 seconds to synchronously load lazily loaded font '../../../Engine/Content/Slate/Fonts/DroidSansFallback.ttf' (3848K)
[2021.03.23-10.04.43:970][274]LogSlate: Window 'Options' being destroyed
[2021.03.23-10.04.46:029][394]LogSlate: Took 0.000119 seconds to synchronously load lazily loaded font '../../../Engine/Content/Slate/Fonts/Roboto-Italic.ttf' (157K)
[2021.03.23-10.04.50:660][668]BlueprintLog: New page: Compile Options
[2021.03.23-10.04.50:727][668]LogUObjectHash: Compacting FUObjectHashTables data took   3.75ms
[2021.03.23-10.04.50:763][668]Cmd: OBJ SAVEPACKAGE PACKAGE="/Game/JMenu/Options" FILE="../../../../UE_4.25_Projects/GrapplingProject/GrapplingProject/ProjetUnreal_Copy/Content/JMenu/Options.uasset" SILENT=true
[2021.03.23-10.04.50:791][668]LogSavePackage: Moving '../../../../UE_4.25_Projects/GrapplingProject/GrapplingProject/ProjetUnreal_Copy/Saved/OptionsFDC35203438F185206A7508A9B2AFF0B.tmp' to '../../../../UE_4.25_Projects/GrapplingProject/GrapplingProject/ProjetUnreal_Copy/Content/JMenu/Options.uasset'
[2021.03.23-10.04.50:804][668]AssetCheck: New page: Asset Save: Options
[2021.03.23-10.04.50:805][668]LogContentValidation: Display: Validating WidgetBlueprint /Game/JMenu/Options.Options
[2021.03.23-10.05.20:270][431]BlueprintLog: New page: Compile Options
[2021.03.23-10.05.20:308][431]LogUObjectHash: Compacting FUObjectHashTables data took   4.60ms
[2021.03.23-10.05.20:352][431]Cmd: OBJ SAVEPACKAGE PACKAGE="/Game/JMenu/Options" FILE="../../../../UE_4.25_Projects/GrapplingProject/GrapplingProject/ProjetUnreal_Copy/Content/JMenu/Options.uasset" SILENT=true
[2021.03.23-10.05.20:391][431]LogSavePackage: Moving '../../../../UE_4.25_Projects/GrapplingProject/GrapplingProject/ProjetUnreal_Copy/Saved/Options2383884F45EFDD6BD22B9AAFB402C176.tmp' to '../../../../UE_4.25_Projects/GrapplingProject/GrapplingProject/ProjetUnreal_Copy/Content/JMenu/Options.uasset'
[2021.03.23-10.05.20:405][431]AssetCheck: New page: Asset Save: Options
[2021.03.23-10.05.20:405][431]LogContentValidation: Display: Validating WidgetBlueprint /Game/JMenu/Options.Options
[2021.03.23-10.05.33:663][223]BlueprintLog: New page: Compile Options
[2021.03.23-10.05.33:700][223]LogUObjectHash: Compacting FUObjectHashTables data took   4.04ms
[2021.03.23-10.05.33:733][223]Cmd: OBJ SAVEPACKAGE PACKAGE="/Game/JMenu/Options" FILE="../../../../UE_4.25_Projects/GrapplingProject/GrapplingProject/ProjetUnreal_Copy/Content/JMenu/Options.uasset" SILENT=true
[2021.03.23-10.05.33:763][223]LogSavePackage: Moving '../../../../UE_4.25_Projects/GrapplingProject/GrapplingProject/ProjetUnreal_Copy/Saved/Options7BFCCCC64D9CAB3A008BDE8F7E83AF8C.tmp' to '../../../../UE_4.25_Projects/GrapplingProject/GrapplingProject/ProjetUnreal_Copy/Content/JMenu/Options.uasset'
[2021.03.23-10.05.33:785][223]AssetCheck: New page: Asset Save: Options
[2021.03.23-10.05.33:785][223]LogContentValidation: Display: Validating WidgetBlueprint /Game/JMenu/Options.Options
[2021.03.23-10.05.44:437][861]BlueprintLog: New page: Compile Options
[2021.03.23-10.05.44:472][861]LogUObjectHash: Compacting FUObjectHashTables data took   4.29ms
[2021.03.23-10.05.44:501][861]Cmd: OBJ SAVEPACKAGE PACKAGE="/Game/JMenu/Options" FILE="../../../../UE_4.25_Projects/GrapplingProject/GrapplingProject/ProjetUnreal_Copy/Content/JMenu/Options.uasset" SILENT=true
[2021.03.23-10.05.44:528][861]LogSavePackage: Moving '../../../../UE_4.25_Projects/GrapplingProject/GrapplingProject/ProjetUnreal_Copy/Saved/Options9862D0C94DFB3776B88674AD6CB9FC4E.tmp' to '../../../../UE_4.25_Projects/GrapplingProject/GrapplingProject/ProjetUnreal_Copy/Content/JMenu/Options.uasset'
[2021.03.23-10.05.44:566][861]AssetCheck: New page: Asset Save: Options
[2021.03.23-10.05.44:566][861]LogContentValidation: Display: Validating WidgetBlueprint /Game/JMenu/Options.Options
[2021.03.23-10.06.04:746][ 66]LogSlate: Took 0.000120 seconds to synchronously load lazily loaded font '../../../Engine/Content/Slate/Fonts/Roboto-BoldCondensedItalic.ttf' (160K)
[2021.03.23-10.06.09:185][329]BlueprintLog: New page: Compile Options
[2021.03.23-10.06.09:220][329]LogUObjectHash: Compacting FUObjectHashTables data took   3.39ms
[2021.03.23-10.06.09:255][329]Cmd: OBJ SAVEPACKAGE PACKAGE="/Game/JMenu/Options" FILE="../../../../UE_4.25_Projects/GrapplingProject/GrapplingProject/ProjetUnreal_Copy/Content/JMenu/Options.uasset" SILENT=true
[2021.03.23-10.06.09:284][329]LogSavePackage: Moving '../../../../UE_4.25_Projects/GrapplingProject/GrapplingProject/ProjetUnreal_Copy/Saved/OptionsDACB4772446FD0E2413871A6D60E62EC.tmp' to '../../../../UE_4.25_Projects/GrapplingProject/GrapplingProject/ProjetUnreal_Copy/Content/JMenu/Options.uasset'
[2021.03.23-10.06.09:297][329]AssetCheck: New page: Asset Save: Options
[2021.03.23-10.06.09:297][329]LogContentValidation: Display: Validating WidgetBlueprint /Game/JMenu/Options.Options
[2021.03.23-10.06.37:694][204]BlueprintLog: New page: Compile Options
[2021.03.23-10.06.37:700][204]LogBlueprint: Warning: [Compiler Options] Could not find a variable named "ActionMaapingNames" in 'Options_C'.
Make sure 'Options_C' has been compiled for  Get ActionMaapingNames
[2021.03.23-10.06.37:701][204]LogBlueprint: Error: [Compiler Options] The property associated with  Action Maaping Names  could not be found in '/Game/JMenu/Options.Options_C'
[2021.03.23-10.06.37:733][204]LogUObjectHash: Compacting FUObjectHashTables data took   3.53ms
[2021.03.23-10.06.43:997][575]BlueprintLog: New page: Compile Options
[2021.03.23-10.06.44:036][575]LogUObjectHash: Compacting FUObjectHashTables data took   3.48ms
[2021.03.23-10.06.44:062][575]Cmd: OBJ SAVEPACKAGE PACKAGE="/Game/JMenu/Options" FILE="../../../../UE_4.25_Projects/GrapplingProject/GrapplingProject/ProjetUnreal_Copy/Content/JMenu/Options.uasset" SILENT=true
[2021.03.23-10.06.44:099][575]LogSavePackage: Moving '../../../../UE_4.25_Projects/GrapplingProject/GrapplingProject/ProjetUnreal_Copy/Saved/Options1367A58248D3EEF2E4B479BE61378045.tmp' to '../../../../UE_4.25_Projects/GrapplingProject/GrapplingProject/ProjetUnreal_Copy/Content/JMenu/Options.uasset'
[2021.03.23-10.06.44:115][575]AssetCheck: New page: Asset Save: Options
[2021.03.23-10.06.44:115][575]LogContentValidation: Display: Validating WidgetBlueprint /Game/JMenu/Options.Options
[2021.03.23-10.07.05:033][829]LogDialogs: Warning: Suppressed: This could break connections, do you want to search all Variable 'ActionMappingNames' instances, change its type, and recompile?
[2021.03.23-10.07.10:760][152]LogSlate: Window 'Find in Blueprints' being destroyed
[2021.03.23-10.07.10:764][152]LogSlate: Window 'Find in Blueprints' being destroyed
[2021.03.23-10.07.18:263][601]LogDialogs: Warning: Suppressed: This could break connections, do you want to search all Variable 'ActionMappingNames' instances, change its type, and recompile?
[2021.03.23-10.07.21:416][787]LogSlate: Window 'Find in Blueprints' being destroyed
[2021.03.23-10.07.21:420][787]LogSlate: Window 'Find in Blueprints' being destroyed
[2021.03.23-10.07.23:701][923]BlueprintLog: New page: Compile Options
[2021.03.23-10.07.23:707][923]LogBlueprint: Error: [Compiler Options] In use pin  Action Mapping Names  no longer exists on node  Get . Please refresh node or break links to remove pin.
[2021.03.23-10.07.23:709][923]LogClass: Warning: Type mismatch in ActionMappingNames of Options_C - Previous (ArrayProperty) Current(MapProperty) for package:  FObjectReader
[2021.03.23-10.07.23:740][923]LogUObjectHash: Compacting FUObjectHashTables data took   3.47ms
[2021.03.23-10.10.13:824][ 90]BlueprintLog: New page: Compile Options
[2021.03.23-10.10.13:872][ 90]LogUObjectHash: Compacting FUObjectHashTables data took   4.17ms
[2021.03.23-10.10.13:908][ 90]Cmd: OBJ SAVEPACKAGE PACKAGE="/Game/JMenu/Options" FILE="../../../../UE_4.25_Projects/GrapplingProject/GrapplingProject/ProjetUnreal_Copy/Content/JMenu/Options.uasset" SILENT=true
[2021.03.23-10.10.13:945][ 90]LogSavePackage: Moving '../../../../UE_4.25_Projects/GrapplingProject/GrapplingProject/ProjetUnreal_Copy/Saved/Options5715A06B4E4518068CF6B897D9F443F8.tmp' to '../../../../UE_4.25_Projects/GrapplingProject/GrapplingProject/ProjetUnreal_Copy/Content/JMenu/Options.uasset'
[2021.03.23-10.10.13:965][ 90]AssetCheck: New page: Asset Save: Options
[2021.03.23-10.10.13:965][ 90]LogContentValidation: Display: Validating WidgetBlueprint /Game/JMenu/Options.Options
[2021.03.23-10.10.39:548][611]BlueprintLog: New page: Compile Options
[2021.03.23-10.10.39:595][611]LogUObjectHash: Compacting FUObjectHashTables data took   4.03ms
[2021.03.23-10.10.39:623][611]Cmd: OBJ SAVEPACKAGE PACKAGE="/Game/JMenu/Options" FILE="../../../../UE_4.25_Projects/GrapplingProject/GrapplingProject/ProjetUnreal_Copy/Content/JMenu/Options.uasset" SILENT=true
[2021.03.23-10.10.40:096][611]LogSavePackage: Moving '../../../../UE_4.25_Projects/GrapplingProject/GrapplingProject/ProjetUnreal_Copy/Saved/Options589E28124CDF4F174EB051A871DD720D.tmp' to '../../../../UE_4.25_Projects/GrapplingProject/GrapplingProject/ProjetUnreal_Copy/Content/JMenu/Options.uasset'
[2021.03.23-10.10.40:118][611]AssetCheck: New page: Asset Save: Options
[2021.03.23-10.10.40:118][611]LogContentValidation: Display: Validating WidgetBlueprint /Game/JMenu/Options.Options
[2021.03.23-10.11.00:554][832]BlueprintLog: New page: Compile Options
[2021.03.23-10.11.00:595][832]LogUObjectHash: Compacting FUObjectHashTables data took   3.78ms
[2021.03.23-10.11.00:622][832]Cmd: OBJ SAVEPACKAGE PACKAGE="/Game/JMenu/Options" FILE="../../../../UE_4.25_Projects/GrapplingProject/GrapplingProject/ProjetUnreal_Copy/Content/JMenu/Options.uasset" SILENT=true
[2021.03.23-10.11.05:174][832]LogSavePackage: Moving '../../../../UE_4.25_Projects/GrapplingProject/GrapplingProject/ProjetUnreal_Copy/Saved/Options9BD2BC9842D08EDB6E3E9E86AEA6476D.tmp' to '../../../../UE_4.25_Projects/GrapplingProject/GrapplingProject/ProjetUnreal_Copy/Content/JMenu/Options.uasset'
[2021.03.23-10.11.05:187][832]AssetCheck: New page: Asset Save: Options
[2021.03.23-10.11.05:187][832]LogContentValidation: Display: Validating WidgetBlueprint /Game/JMenu/Options.Options
[2021.03.23-10.12.24:648][725]Cmd: TRANSACTION UNDO
[2021.03.23-10.12.24:648][725]LogEditorTransaction: Undo Delete Child
[2021.03.23-10.12.24:982][741]Cmd: TRANSACTION UNDO
[2021.03.23-10.12.24:982][741]LogEditorTransaction: Undo Delete Child
[2021.03.23-10.12.25:299][757]Cmd: TRANSACTION UNDO
[2021.03.23-10.12.25:299][757]LogEditorTransaction: Undo Remove Variable
[2021.03.23-10.12.26:566][832]Cmd: TRANSACTION UNDO
[2021.03.23-10.12.26:566][832]LogEditorTransaction: Undo Rename Variable
[2021.03.23-10.12.31:282][114]BlueprintLog: New page: Compile Options
[2021.03.23-10.12.31:323][114]LogUObjectHash: Compacting FUObjectHashTables data took   3.48ms
[2021.03.23-10.12.31:349][114]Cmd: OBJ SAVEPACKAGE PACKAGE="/Game/JMenu/Options" FILE="../../../../UE_4.25_Projects/GrapplingProject/GrapplingProject/ProjetUnreal_Copy/Content/JMenu/Options.uasset" SILENT=true
[2021.03.23-10.12.31:380][114]LogSavePackage: Moving '../../../../UE_4.25_Projects/GrapplingProject/GrapplingProject/ProjetUnreal_Copy/Saved/OptionsA53129054912BAB945E28E8550144755.tmp' to '../../../../UE_4.25_Projects/GrapplingProject/GrapplingProject/ProjetUnreal_Copy/Content/JMenu/Options.uasset'
[2021.03.23-10.12.31:395][114]AssetCheck: New page: Asset Save: Options
[2021.03.23-10.12.31:395][114]LogContentValidation: Display: Validating WidgetBlueprint /Game/JMenu/Options.Options
[2021.03.23-10.12.39:458][595]BlueprintLog: New page: Compile Options
[2021.03.23-10.12.39:500][595]LogUObjectHash: Compacting FUObjectHashTables data took   3.53ms
[2021.03.23-10.12.39:524][595]Cmd: OBJ SAVEPACKAGE PACKAGE="/Game/JMenu/Options" FILE="../../../../UE_4.25_Projects/GrapplingProject/GrapplingProject/ProjetUnreal_Copy/Content/JMenu/Options.uasset" SILENT=true
[2021.03.23-10.12.39:554][595]LogSavePackage: Moving '../../../../UE_4.25_Projects/GrapplingProject/GrapplingProject/ProjetUnreal_Copy/Saved/OptionsEB3D7E7C4A5F0054DB140DB43C52E9DA.tmp' to '../../../../UE_4.25_Projects/GrapplingProject/GrapplingProject/ProjetUnreal_Copy/Content/JMenu/Options.uasset'
[2021.03.23-10.12.39:570][595]AssetCheck: New page: Asset Save: Options
[2021.03.23-10.12.39:570][595]LogContentValidation: Display: Validating WidgetBlueprint /Game/JMenu/Options.Options
[2021.03.23-10.13.33:389][463]BlueprintLog: New page: Compile Options
[2021.03.23-10.13.33:400][463]LogClass: Warning: Type mismatch in CurrentKey of Options_C - Previous (ArrayProperty) Current(MapProperty) for package:  FObjectReader
[2021.03.23-10.13.33:434][463]LogUObjectHash: Compacting FUObjectHashTables data took   3.23ms
[2021.03.23-10.13.33:466][463]Cmd: OBJ SAVEPACKAGE PACKAGE="/Game/JMenu/Options" FILE="../../../../UE_4.25_Projects/GrapplingProject/GrapplingProject/ProjetUnreal_Copy/Content/JMenu/Options.uasset" SILENT=true
[2021.03.23-10.13.33:496][463]LogSavePackage: Moving '../../../../UE_4.25_Projects/GrapplingProject/GrapplingProject/ProjetUnreal_Copy/Saved/Options670C9DE149521E3068B6588198FF2B03.tmp' to '../../../../UE_4.25_Projects/GrapplingProject/GrapplingProject/ProjetUnreal_Copy/Content/JMenu/Options.uasset'
[2021.03.23-10.13.33:509][463]AssetCheck: New page: Asset Save: Options
[2021.03.23-10.13.33:509][463]LogContentValidation: Display: Validating WidgetBlueprint /Game/JMenu/Options.Options
[2021.03.23-10.14.07:229][483]BlueprintLog: New page: Compile Options
[2021.03.23-10.14.07:275][483]LogUObjectHash: Compacting FUObjectHashTables data took   3.72ms
[2021.03.23-10.14.07:305][483]Cmd: OBJ SAVEPACKAGE PACKAGE="/Game/JMenu/Options" FILE="../../../../UE_4.25_Projects/GrapplingProject/GrapplingProject/ProjetUnreal_Copy/Content/JMenu/Options.uasset" SILENT=true
[2021.03.23-10.14.07:336][483]LogSavePackage: Moving '../../../../UE_4.25_Projects/GrapplingProject/GrapplingProject/ProjetUnreal_Copy/Saved/Options90547AAF49C73474093C46814287CD54.tmp' to '../../../../UE_4.25_Projects/GrapplingProject/GrapplingProject/ProjetUnreal_Copy/Content/JMenu/Options.uasset'
[2021.03.23-10.14.07:348][483]AssetCheck: New page: Asset Save: Options
[2021.03.23-10.14.07:348][483]LogContentValidation: Display: Validating WidgetBlueprint /Game/JMenu/Options.Options
[2021.03.23-10.14.52:152][166]BlueprintLog: New page: Compile Options
[2021.03.23-10.14.52:201][166]LogUObjectHash: Compacting FUObjectHashTables data took   3.87ms
[2021.03.23-10.14.52:236][166]Cmd: OBJ SAVEPACKAGE PACKAGE="/Game/JMenu/Options" FILE="../../../../UE_4.25_Projects/GrapplingProject/GrapplingProject/ProjetUnreal_Copy/Content/JMenu/Options.uasset" SILENT=true
[2021.03.23-10.14.52:285][166]LogSavePackage: Moving '../../../../UE_4.25_Projects/GrapplingProject/GrapplingProject/ProjetUnreal_Copy/Saved/Options61387BFE40B06F1E4173648CDFD1A856.tmp' to '../../../../UE_4.25_Projects/GrapplingProject/GrapplingProject/ProjetUnreal_Copy/Content/JMenu/Options.uasset'
[2021.03.23-10.14.52:304][166]AssetCheck: New page: Asset Save: Options
[2021.03.23-10.14.52:304][166]LogContentValidation: Display: Validating WidgetBlueprint /Game/JMenu/Options.Options
