Log file open, 03/26/21 00:28:25
LogInit: Display: Running engine for game: ProjetUnreal
LogPlatformFile: Not using cached read wrapper
LogTaskGraph: Started task graph with 5 named threads and 35 total threads with 3 sets of task threads.
LogStats: Stats thread started at 0.193743
LogD3D11RHI: Loaded GFSDK_Aftermath_Lib.x64.dll
LogICUInternationalization: ICU TimeZone Detection - Raw Offset: +1:00, Platform Override: ''
LogPluginManager: Mounting plugin Paper2D
LogPluginManager: Mounting plugin AISupport
LogPluginManager: Mounting plugin LightPropagationVolume
LogPluginManager: Mounting plugin CameraShakePreviewer
LogPluginManager: Mounting plugin ActorLayerUtilities
LogPluginManager: Mounting plugin AnimationSharing
LogPluginManager: Mounting plugin CLionSourceCodeAccess
LogPluginManager: Mounting plugin CodeLiteSourceCodeAccess
LogPluginManager: Mounting plugin GitSourceControl
LogPluginManager: Mounting plugin KDevelopSourceCodeAccess
LogPluginManager: Mounting plugin NullSourceCodeAccess
LogPluginManager: Mounting plugin PerforceSourceControl
LogPluginManager: Mounting plugin PlasticSourceControl
LogPluginManager: Mounting plugin RiderSourceCodeAccess
LogPluginManager: Mounting plugin SubversionSourceControl
LogPluginManager: Mounting plugin UObjectPlugin
LogPluginManager: Mounting plugin VisualStudioCodeSourceCodeAccess
LogPluginManager: Mounting plugin VisualStudioSourceCodeAccess
LogPluginManager: Mounting plugin XCodeSourceCodeAccess
LogPluginManager: Mounting plugin AssetManagerEditor
LogPluginManager: Mounting plugin CryptoKeys
LogPluginManager: Mounting plugin CurveEditorTools
LogPluginManager: Mounting plugin DataValidation
LogPluginManager: Mounting plugin EditorScriptingUtilities
LogPluginManager: Mounting plugin FacialAnimation
LogPluginManager: Mounting plugin GameplayTagsEditor
LogPluginManager: Mounting plugin GeometryMode
LogPluginManager: Mounting plugin MacGraphicsSwitching
LogPluginManager: Mounting plugin MaterialAnalyzer
LogPluginManager: Mounting plugin MobileLauncherProfileWizard
LogPluginManager: Mounting plugin PluginBrowser
LogPluginManager: Mounting plugin SpeedTreeImporter
LogPluginManager: Mounting plugin DatasmithContent
LogPluginManager: Mounting plugin VariantManagerContent
LogPluginManager: Mounting plugin AlembicImporter
LogPluginManager: Mounting plugin AutomationUtils
LogPluginManager: Mounting plugin BackChannel
LogPluginManager: Mounting plugin ChaosCloth
LogPluginManager: Mounting plugin ChaosClothEditor
LogPluginManager: Mounting plugin ChaosEditor
LogPluginManager: Mounting plugin ChaosNiagara
LogPluginManager: Mounting plugin ChaosSolverPlugin
LogPluginManager: Mounting plugin CharacterAI
LogPluginManager: Mounting plugin GeometryCache
LogPluginManager: Mounting plugin GeometryCollectionPlugin
LogPluginManager: Mounting plugin GeometryProcessing
LogPluginManager: Mounting plugin PlanarCut
LogPluginManager: Mounting plugin PlatformCrypto
LogPluginManager: Mounting plugin ProxyLODPlugin
LogPluginManager: Mounting plugin SkeletalReduction
LogPluginManager: Mounting plugin Niagara
LogPluginManager: Mounting plugin MagicLeap
LogPluginManager: Mounting plugin MagicLeapLightEstimation
LogPluginManager: Mounting plugin MagicLeapMedia
LogPluginManager: Mounting plugin MagicLeapPassableWorld
LogPluginManager: Mounting plugin MLSDK
LogPluginManager: Mounting plugin Substance
LogPluginManager: Mounting plugin AndroidMedia
LogPluginManager: Mounting plugin AvfMedia
LogPluginManager: Mounting plugin ImgMedia
LogPluginManager: Mounting plugin MediaCompositing
LogPluginManager: Mounting plugin MediaPlayerEditor
LogPluginManager: Mounting plugin WebMMedia
LogPluginManager: Mounting plugin WmfMedia
LogPluginManager: Mounting plugin MeshPainting
LogPluginManager: Mounting plugin TcpMessaging
LogPluginManager: Mounting plugin UdpMessaging
LogPluginManager: Mounting plugin ActorSequence
LogPluginManager: Mounting plugin LevelSequenceEditor
LogPluginManager: Mounting plugin MatineeToLevelSequence
LogPluginManager: Mounting plugin MovieRenderPipeline
LogPluginManager: Mounting plugin TemplateSequence
LogPluginManager: Mounting plugin NetcodeUnitTest
LogPluginManager: Mounting plugin NUTUnrealEngine4
LogPluginManager: Mounting plugin OnlineSubsystemGooglePlay
LogPluginManager: Mounting plugin OnlineSubsystemIOS
LogPluginManager: Mounting plugin OnlineSubsystem
LogPluginManager: Mounting plugin OnlineSubsystemNull
LogPluginManager: Mounting plugin OnlineSubsystemUtils
LogPluginManager: Mounting plugin LauncherChunkInstaller
LogPluginManager: Mounting plugin AndroidDeviceProfileSelector
LogPluginManager: Mounting plugin AndroidMoviePlayer
LogPluginManager: Mounting plugin AndroidPermission
LogPluginManager: Mounting plugin ApexDestruction
LogPluginManager: Mounting plugin AppleImageUtils
LogPluginManager: Mounting plugin AppleMoviePlayer
LogPluginManager: Mounting plugin ArchVisCharacter
LogPluginManager: Mounting plugin AssetTags
LogPluginManager: Mounting plugin AudioCapture
LogPluginManager: Mounting plugin CableComponent
LogPluginManager: Mounting plugin CustomMeshComponent
LogPluginManager: Mounting plugin EditableMesh
LogPluginManager: Mounting plugin ExampleDeviceProfileSelector
LogPluginManager: Mounting plugin GoogleCloudMessaging
LogPluginManager: Mounting plugin GooglePAD
LogPluginManager: Mounting plugin IOSDeviceProfileSelector
LogPluginManager: Mounting plugin LinuxDeviceProfileSelector
LogPluginManager: Mounting plugin LocationServicesBPLibrary
LogPluginManager: Mounting plugin MobilePatchingUtils
LogPluginManager: Mounting plugin OculusVR
LogPluginManager: Mounting plugin PhysXVehicles
LogPluginManager: Mounting plugin PostSplashScreen
LogPluginManager: Mounting plugin ProceduralMeshComponent
LogPluginManager: Mounting plugin RuntimePhysXCooking
LogPluginManager: Mounting plugin SignificanceManager
LogPluginManager: Mounting plugin SoundFields
LogPluginManager: Mounting plugin SteamVR
LogPluginManager: Mounting plugin Synthesis
LogPluginManager: Mounting plugin WebMMoviePlayer
LogPluginManager: Mounting plugin WindowsMoviePlayer
LogPluginManager: Mounting plugin ScreenshotTools
LogInit: Using libcurl 7.55.1-DEV
LogInit:  - built for x86_64-pc-win32
LogInit:  - supports SSL with OpenSSL/1.1.1
LogInit:  - supports HTTP deflate (compression) using libz 1.2.8
LogInit:  - other features:
LogInit:      CURL_VERSION_SSL
LogInit:      CURL_VERSION_LIBZ
LogInit:      CURL_VERSION_IPV6
LogInit:      CURL_VERSION_ASYNCHDNS
LogInit:      CURL_VERSION_LARGEFILE
LogInit:      CURL_VERSION_IDN
LogInit:  CurlRequestOptions (configurable via config and command line):
LogInit:  - bVerifyPeer = true  - Libcurl will verify peer certificate
LogInit:  - bUseHttpProxy = false  - Libcurl will NOT use HTTP proxy
LogInit:  - bDontReuseConnections = false  - Libcurl will reuse connections
LogInit:  - MaxHostConnections = 16  - Libcurl will limit the number of connections to a host
LogInit:  - LocalHostAddr = Default
LogInit:  - BufferSize = 65536
LogOnline: OSS: Creating online subsystem instance for: NULL
LogInit: WinSock: version 1.1 (2.2), MaxSocks=32767, MaxUdp=65467
LogOnline: OSS: TryLoadSubsystemAndSetDefault: Loaded subsystem for module [NULL]
LogInit: Build: ++UE4+Release-4.25-CL-14469661
LogInit: Engine Version: 4.25.4-14469661+++UE4+Release-4.25
LogInit: Compatible Engine Version: 4.25.0-13144385+++UE4+Release-4.25
LogInit: Net CL: 13144385
LogInit: OS: Windows 10 (Release 1909) (), CPU: Intel(R) Core(TM) i7-8750H CPU @ 2.20GHz, GPU: NVIDIA GeForce GTX 1070
LogInit: Compiled (64-bit): Oct 11 2020 08:10:49
LogInit: Compiled with Visual C++: 19.24.28315.00
LogInit: Build Configuration: Development
LogInit: Branch Name: ++UE4+Release-4.25
LogInit: Command Line: 
LogInit: Base Directory: D:/Epic Game/UE_4.25/Engine/Binaries/Win64/
LogInit: Allocator: TBB
LogInit: Installed Engine Build: 1
LogDevObjectVersion: Number of dev versions registered: 26
LogDevObjectVersion:   Dev-Blueprints (B0D832E4-1F89-4F0D-ACCF-7EB736FD4AA2): 10
LogDevObjectVersion:   Dev-Build (E1C64328-A22C-4D53-A36C-8E866417BD8C): 0
LogDevObjectVersion:   Dev-Core (375EC13C-06E4-48FB-B500-84F0262A717E): 4
LogDevObjectVersion:   Dev-Editor (E4B068ED-F494-42E9-A231-DA0B2E46BB41): 38
LogDevObjectVersion:   Dev-Framework (CFFC743F-43B0-4480-9391-14DF171D2073): 37
LogDevObjectVersion:   Dev-Mobile (B02B49B5-BB20-44E9-A304-32B752E40360): 2
LogDevObjectVersion:   Dev-Networking (A4E4105C-59A1-49B5-A7C5-40C4547EDFEE): 0
LogDevObjectVersion:   Dev-Online (39C831C9-5AE6-47DC-9A44-9C173E1C8E7C): 0
LogDevObjectVersion:   Dev-Physics (78F01B33-EBEA-4F98-B9B4-84EACCB95AA2): 4
LogDevObjectVersion:   Dev-Platform (6631380F-2D4D-43E0-8009-CF276956A95A): 0
LogDevObjectVersion:   Dev-Rendering (12F88B9F-8875-4AFC-A67C-D90C383ABD29): 43
LogDevObjectVersion:   Dev-Sequencer (7B5AE74C-D270-4C10-A958-57980B212A5A): 12
LogDevObjectVersion:   Dev-VR (D7296918-1DD6-4BDD-9DE2-64A83CC13884): 3
LogDevObjectVersion:   Dev-LoadTimes (C2A15278-BFE7-4AFE-6C17-90FF531DF755): 1
LogDevObjectVersion:   Private-Geometry (6EACA3D4-40EC-4CC1-B786-8BED09428FC5): 3
LogDevObjectVersion:   Dev-AnimPhys (29E575DD-E0A3-4627-9D10-D276232CDCEA): 17
LogDevObjectVersion:   Dev-Anim (AF43A65D-7FD3-4947-9873-3E8ED9C1BB05): 7
LogDevObjectVersion:   Dev-ReflectionCapture (6B266CEC-1EC7-4B8F-A30B-E4D90942FC07): 1
LogDevObjectVersion:   Dev-Automation (0DF73D61-A23F-47EA-B727-89E90C41499A): 1
LogDevObjectVersion:   FortniteMain (601D1886-AC64-4F84-AA16-D3DE0DEAC7D6): 31
LogDevObjectVersion:   Dev-Enterprise (9DFFBCD6-494F-0158-E221-12823C92A888): 10
LogDevObjectVersion:   Dev-Niagara (F2AED0AC-9AFE-416F-8664-AA7FFA26D6FC): 1
LogDevObjectVersion:   Dev-Destruction (174F1F0B-B4C6-45A5-B13F-2EE8D0FB917D): 10
LogDevObjectVersion:   Dev-Physics-Ext (35F94A83-E258-406C-A318-09F59610247C): 37
LogDevObjectVersion:   Dev-PhysicsMaterial-Chaos (B68FC16E-8B1B-42E2-B453-215C058844FE): 1
LogDevObjectVersion:   Dev-CineCamera (B2E18506-4273-CFC2-A54E-F4BB758BBA07): 1
LogInit: Presizing for max 25165824 objects, including 0 objects not considered by GC, pre-allocating 0 bytes for permanent pool.
LogConfig: Applying CVar settings from Section [/Script/Engine.StreamingSettings] File [D:/Epic Game/UE_4.25_Projects/UnrealGrapplingProject/GrapplingProject/ProjetUnreal_Copy/Saved/Config/Windows/Engine.ini]
LogConfig: Setting CVar [[s.MinBulkDataSizeForAsyncLoading:131072]]
LogConfig: Setting CVar [[s.AsyncLoadingThreadEnabled:0]]
LogConfig: Setting CVar [[s.EventDrivenLoaderEnabled:1]]
LogConfig: Setting CVar [[s.WarnIfTimeLimitExceeded:0]]
LogConfig: Setting CVar [[s.TimeLimitExceededMultiplier:1.5]]
LogConfig: Setting CVar [[s.TimeLimitExceededMinTime:0.005]]
LogConfig: Setting CVar [[s.UseBackgroundLevelStreaming:1]]
LogConfig: Setting CVar [[s.PriorityAsyncLoadingExtraTime:15.0]]
LogConfig: Setting CVar [[s.LevelStreamingActorsUpdateTimeLimit:5.0]]
LogConfig: Setting CVar [[s.PriorityLevelStreamingActorsUpdateExtraTime:5.0]]
LogConfig: Setting CVar [[s.LevelStreamingComponentsRegistrationGranularity:10]]
LogConfig: Setting CVar [[s.UnregisterComponentsTimeLimit:1.0]]
LogConfig: Setting CVar [[s.LevelStreamingComponentsUnregistrationGranularity:5]]
LogConfig: Setting CVar [[s.FlushStreamingOnExit:1]]
LogInit: Object subsystem initialized
LogConfig: Setting CVar [[con.DebugEarlyDefault:1]]
LogConfig: Setting CVar [[r.setres:1280x720]]
[2021.03.25-23.28.25:775][  0]LogConfig: Setting CVar [[r.VSync:0]]
[2021.03.25-23.28.25:775][  0]LogConfig: Setting CVar [[r.RHICmdBypass:0]]
[2021.03.25-23.28.25:775][  0]LogConfig: Applying CVar settings from Section [/Script/Engine.RendererSettings] File [D:/Epic Game/UE_4.25_Projects/UnrealGrapplingProject/GrapplingProject/ProjetUnreal_Copy/Saved/Config/Windows/Engine.ini]
[2021.03.25-23.28.25:775][  0]LogConfig: Setting CVar [[r.GPUCrashDebugging:0]]
[2021.03.25-23.28.25:775][  0]LogConfig: Setting CVar [[r.DefaultFeature.AutoExposure:0]]
[2021.03.25-23.28.25:775][  0]LogConfig: Applying CVar settings from Section [/Script/Engine.RendererOverrideSettings] File [D:/Epic Game/UE_4.25_Projects/UnrealGrapplingProject/GrapplingProject/ProjetUnreal_Copy/Saved/Config/Windows/Engine.ini]
[2021.03.25-23.28.25:775][  0]LogConfig: Applying CVar settings from Section [/Script/Engine.StreamingSettings] File [D:/Epic Game/UE_4.25_Projects/UnrealGrapplingProject/GrapplingProject/ProjetUnreal_Copy/Saved/Config/Windows/Engine.ini]
[2021.03.25-23.28.25:775][  0]LogConfig: Setting CVar [[s.MinBulkDataSizeForAsyncLoading:131072]]
[2021.03.25-23.28.25:775][  0]LogConfig: Setting CVar [[s.AsyncLoadingThreadEnabled:0]]
[2021.03.25-23.28.25:775][  0]LogConfig: Setting CVar [[s.EventDrivenLoaderEnabled:1]]
[2021.03.25-23.28.25:775][  0]LogConfig: Setting CVar [[s.WarnIfTimeLimitExceeded:0]]
[2021.03.25-23.28.25:775][  0]LogConfig: Setting CVar [[s.TimeLimitExceededMultiplier:1.5]]
[2021.03.25-23.28.25:775][  0]LogConfig: Setting CVar [[s.TimeLimitExceededMinTime:0.005]]
[2021.03.25-23.28.25:775][  0]LogConfig: Setting CVar [[s.UseBackgroundLevelStreaming:1]]
[2021.03.25-23.28.25:775][  0]LogConfig: Setting CVar [[s.PriorityAsyncLoadingExtraTime:15.0]]
[2021.03.25-23.28.25:775][  0]LogConfig: Setting CVar [[s.LevelStreamingActorsUpdateTimeLimit:5.0]]
[2021.03.25-23.28.25:775][  0]LogConfig: Setting CVar [[s.PriorityLevelStreamingActorsUpdateExtraTime:5.0]]
[2021.03.25-23.28.25:775][  0]LogConfig: Setting CVar [[s.LevelStreamingComponentsRegistrationGranularity:10]]
[2021.03.25-23.28.25:775][  0]LogConfig: Setting CVar [[s.UnregisterComponentsTimeLimit:1.0]]
[2021.03.25-23.28.25:775][  0]LogConfig: Setting CVar [[s.LevelStreamingComponentsUnregistrationGranularity:5]]
[2021.03.25-23.28.25:775][  0]LogConfig: Setting CVar [[s.FlushStreamingOnExit:1]]
[2021.03.25-23.28.25:775][  0]LogConfig: Applying CVar settings from Section [/Script/Engine.GarbageCollectionSettings] File [D:/Epic Game/UE_4.25_Projects/UnrealGrapplingProject/GrapplingProject/ProjetUnreal_Copy/Saved/Config/Windows/Engine.ini]
[2021.03.25-23.28.25:775][  0]LogConfig: Setting CVar [[gc.MaxObjectsNotConsideredByGC:1]]
[2021.03.25-23.28.25:775][  0]LogConfig: Setting CVar [[gc.SizeOfPermanentObjectPool:0]]
[2021.03.25-23.28.25:775][  0]LogConfig: Setting CVar [[gc.FlushStreamingOnGC:0]]
[2021.03.25-23.28.25:775][  0]LogConfig: Setting CVar [[gc.NumRetriesBeforeForcingGC:10]]
[2021.03.25-23.28.25:775][  0]LogConfig: Setting CVar [[gc.AllowParallelGC:1]]
[2021.03.25-23.28.25:775][  0]LogConfig: Setting CVar [[gc.TimeBetweenPurgingPendingKillObjects:61.1]]
[2021.03.25-23.28.25:775][  0]LogConfig: Setting CVar [[gc.MaxObjectsInEditor:25165824]]
[2021.03.25-23.28.25:775][  0]LogConfig: Setting CVar [[gc.IncrementalBeginDestroyEnabled:1]]
[2021.03.25-23.28.25:775][  0]LogConfig: Setting CVar [[gc.CreateGCClusters:1]]
[2021.03.25-23.28.25:775][  0]LogConfig: Setting CVar [[gc.MinGCClusterSize:5]]
[2021.03.25-23.28.25:775][  0]LogConfig: Setting CVar [[gc.ActorClusteringEnabled:0]]
[2021.03.25-23.28.25:775][  0]LogConfig: Setting CVar [[gc.BlueprintClusteringEnabled:0]]
[2021.03.25-23.28.25:775][  0]LogConfig: Setting CVar [[gc.UseDisregardForGCOnDedicatedServers:0]]
[2021.03.25-23.28.25:776][  0]LogConfig: Applying CVar settings from Section [/Script/Engine.NetworkSettings] File [D:/Epic Game/UE_4.25_Projects/UnrealGrapplingProject/GrapplingProject/ProjetUnreal_Copy/Saved/Config/Windows/Engine.ini]
[2021.03.25-23.28.25:776][  0]LogConfig: Applying CVar settings from Section [/Script/UnrealEd.CookerSettings] File [D:/Epic Game/UE_4.25_Projects/UnrealGrapplingProject/GrapplingProject/ProjetUnreal_Copy/Saved/Config/Windows/Engine.ini]
[2021.03.25-23.28.25:782][  0]LogConfig: Applying CVar settings from Section [ViewDistanceQuality@3] File [D:/Epic Game/UE_4.25_Projects/UnrealGrapplingProject/GrapplingProject/ProjetUnreal_Copy/Saved/Config/Windows/Scalability.ini]
[2021.03.25-23.28.25:782][  0]LogConfig: Setting CVar [[r.SkeletalMeshLODBias:0]]
[2021.03.25-23.28.25:782][  0]LogConfig: Setting CVar [[r.ViewDistanceScale:1.0]]
[2021.03.25-23.28.25:782][  0]LogConfig: Applying CVar settings from Section [AntiAliasingQuality@3] File [D:/Epic Game/UE_4.25_Projects/UnrealGrapplingProject/GrapplingProject/ProjetUnreal_Copy/Saved/Config/Windows/Scalability.ini]
[2021.03.25-23.28.25:782][  0]LogConfig: Setting CVar [[r.PostProcessAAQuality:4]]
[2021.03.25-23.28.25:782][  0]LogConfig: Applying CVar settings from Section [ShadowQuality@3] File [D:/Epic Game/UE_4.25_Projects/UnrealGrapplingProject/GrapplingProject/ProjetUnreal_Copy/Saved/Config/Windows/Scalability.ini]
[2021.03.25-23.28.25:782][  0]LogConfig: Setting CVar [[r.LightFunctionQuality:1]]
[2021.03.25-23.28.25:782][  0]LogConfig: Setting CVar [[r.ShadowQuality:5]]
[2021.03.25-23.28.25:782][  0]LogConfig: Setting CVar [[r.Shadow.CSM.MaxCascades:10]]
[2021.03.25-23.28.25:782][  0]LogConfig: Setting CVar [[r.Shadow.MaxResolution:2048]]
[2021.03.25-23.28.25:782][  0]LogConfig: Setting CVar [[r.Shadow.MaxCSMResolution:2048]]
[2021.03.25-23.28.25:782][  0]LogConfig: Setting CVar [[r.Shadow.RadiusThreshold:0.01]]
[2021.03.25-23.28.25:782][  0]LogConfig: Setting CVar [[r.Shadow.DistanceScale:1.0]]
[2021.03.25-23.28.25:782][  0]LogConfig: Setting CVar [[r.Shadow.CSM.TransitionScale:1.0]]
[2021.03.25-23.28.25:782][  0]LogConfig: Setting CVar [[r.Shadow.PreShadowResolutionFactor:1.0]]
[2021.03.25-23.28.25:782][  0]LogConfig: Setting CVar [[r.DistanceFieldShadowing:1]]
[2021.03.25-23.28.25:782][  0]LogConfig: Setting CVar [[r.DistanceFieldAO:1]]
[2021.03.25-23.28.25:782][  0]LogConfig: Setting CVar [[r.AOQuality:2]]
[2021.03.25-23.28.25:782][  0]LogConfig: Setting CVar [[r.VolumetricFog:1]]
[2021.03.25-23.28.25:782][  0]LogConfig: Setting CVar [[r.VolumetricFog.GridPixelSize:8]]
[2021.03.25-23.28.25:783][  0]LogConfig: Setting CVar [[r.VolumetricFog.GridSizeZ:128]]
[2021.03.25-23.28.25:783][  0]LogConfig: Setting CVar [[r.VolumetricFog.HistoryMissSupersampleCount:4]]
[2021.03.25-23.28.25:783][  0]LogConfig: Setting CVar [[r.LightMaxDrawDistanceScale:1]]
[2021.03.25-23.28.25:783][  0]LogConfig: Setting CVar [[r.CapsuleShadows:1]]
[2021.03.25-23.28.25:783][  0]LogConfig: Applying CVar settings from Section [PostProcessQuality@3] File [D:/Epic Game/UE_4.25_Projects/UnrealGrapplingProject/GrapplingProject/ProjetUnreal_Copy/Saved/Config/Windows/Scalability.ini]
[2021.03.25-23.28.25:783][  0]LogConfig: Setting CVar [[r.MotionBlurQuality:4]]
[2021.03.25-23.28.25:783][  0]LogConfig: Setting CVar [[r.AmbientOcclusionMipLevelFactor:0.4]]
[2021.03.25-23.28.25:783][  0]LogConfig: Setting CVar [[r.AmbientOcclusionMaxQuality:100]]
[2021.03.25-23.28.25:783][  0]LogConfig: Setting CVar [[r.AmbientOcclusionLevels:-1]]
[2021.03.25-23.28.25:783][  0]LogConfig: Setting CVar [[r.AmbientOcclusionRadiusScale:1.0]]
[2021.03.25-23.28.25:783][  0]LogConfig: Setting CVar [[r.DepthOfFieldQuality:2]]
[2021.03.25-23.28.25:783][  0]LogConfig: Setting CVar [[r.RenderTargetPoolMin:400]]
[2021.03.25-23.28.25:783][  0]LogConfig: Setting CVar [[r.LensFlareQuality:2]]
[2021.03.25-23.28.25:783][  0]LogConfig: Setting CVar [[r.SceneColorFringeQuality:1]]
[2021.03.25-23.28.25:783][  0]LogConfig: Setting CVar [[r.EyeAdaptationQuality:2]]
[2021.03.25-23.28.25:783][  0]LogConfig: Setting CVar [[r.BloomQuality:5]]
[2021.03.25-23.28.25:783][  0]LogConfig: Setting CVar [[r.FastBlurThreshold:100]]
[2021.03.25-23.28.25:783][  0]LogConfig: Setting CVar [[r.Upscale.Quality:3]]
[2021.03.25-23.28.25:783][  0]LogConfig: Setting CVar [[r.Tonemapper.GrainQuantization:1]]
[2021.03.25-23.28.25:783][  0]LogConfig: Setting CVar [[r.LightShaftQuality:1]]
[2021.03.25-23.28.25:783][  0]LogConfig: Setting CVar [[r.Filter.SizeScale:1]]
[2021.03.25-23.28.25:783][  0]LogConfig: Setting CVar [[r.Tonemapper.Quality:5]]
[2021.03.25-23.28.25:783][  0]LogConfig: Setting CVar [[r.DOF.Gather.AccumulatorQuality:1        ; higher gathering accumulator quality]]
[2021.03.25-23.28.25:783][  0]LogConfig: Setting CVar [[r.DOF.Gather.PostfilterMethod:1          ; Median3x3 postfilering method]]
[2021.03.25-23.28.25:783][  0]LogConfig: Setting CVar [[r.DOF.Gather.EnableBokehSettings:0       ; no bokeh simulation when gathering]]
[2021.03.25-23.28.25:783][  0]LogConfig: Setting CVar [[r.DOF.Gather.RingCount:4                 ; medium number of samples when gathering]]
[2021.03.25-23.28.25:783][  0]LogConfig: Setting CVar [[r.DOF.Scatter.ForegroundCompositing:1    ; additive foreground scattering]]
[2021.03.25-23.28.25:783][  0]LogConfig: Setting CVar [[r.DOF.Scatter.BackgroundCompositing:2    ; additive background scattering]]
[2021.03.25-23.28.25:783][  0]LogConfig: Setting CVar [[r.DOF.Scatter.EnableBokehSettings:1      ; bokeh simulation when scattering]]
[2021.03.25-23.28.25:783][  0]LogConfig: Setting CVar [[r.DOF.Scatter.MaxSpriteRatio:0.1         ; only a maximum of 10% of scattered bokeh]]
[2021.03.25-23.28.25:783][  0]LogConfig: Setting CVar [[r.DOF.Recombine.Quality:1                ; cheap slight out of focus]]
[2021.03.25-23.28.25:783][  0]LogConfig: Setting CVar [[r.DOF.Recombine.EnableBokehSettings:0    ; no bokeh simulation on slight out of focus]]
[2021.03.25-23.28.25:783][  0]LogConfig: Setting CVar [[r.DOF.TemporalAAQuality:1                ; more stable temporal accumulation]]
[2021.03.25-23.28.25:783][  0]LogConfig: Setting CVar [[r.DOF.Kernel.MaxForegroundRadius:0.025]]
[2021.03.25-23.28.25:783][  0]LogConfig: Setting CVar [[r.DOF.Kernel.MaxBackgroundRadius:0.025]]
[2021.03.25-23.28.25:783][  0]LogConfig: Applying CVar settings from Section [TextureQuality@3] File [D:/Epic Game/UE_4.25_Projects/UnrealGrapplingProject/GrapplingProject/ProjetUnreal_Copy/Saved/Config/Windows/Scalability.ini]
[2021.03.25-23.28.25:783][  0]LogConfig: Setting CVar [[r.Streaming.MipBias:0]]
[2021.03.25-23.28.25:783][  0]LogConfig: Setting CVar [[r.Streaming.AmortizeCPUToGPUCopy:0]]
[2021.03.25-23.28.25:783][  0]LogConfig: Setting CVar [[r.Streaming.MaxNumTexturesToStreamPerFrame:0]]
[2021.03.25-23.28.25:783][  0]LogConfig: Setting CVar [[r.Streaming.Boost:1]]
[2021.03.25-23.28.25:783][  0]LogConfig: Setting CVar [[r.MaxAnisotropy:8]]
[2021.03.25-23.28.25:783][  0]LogConfig: Setting CVar [[r.VT.MaxAnisotropy:8]]
[2021.03.25-23.28.25:783][  0]LogConfig: Setting CVar [[r.Streaming.LimitPoolSizeToVRAM:0]]
[2021.03.25-23.28.25:783][  0]LogConfig: Setting CVar [[r.Streaming.PoolSize:1000]]
[2021.03.25-23.28.25:783][  0]LogConfig: Setting CVar [[r.Streaming.MaxEffectiveScreenSize:0]]
[2021.03.25-23.28.25:783][  0]LogConfig: Applying CVar settings from Section [EffectsQuality@3] File [D:/Epic Game/UE_4.25_Projects/UnrealGrapplingProject/GrapplingProject/ProjetUnreal_Copy/Saved/Config/Windows/Scalability.ini]
[2021.03.25-23.28.25:783][  0]LogConfig: Setting CVar [[r.TranslucencyLightingVolumeDim:64]]
[2021.03.25-23.28.25:783][  0]LogConfig: Setting CVar [[r.RefractionQuality:2]]
[2021.03.25-23.28.25:783][  0]LogConfig: Setting CVar [[r.SSR.Quality:3]]
[2021.03.25-23.28.25:783][  0]LogConfig: Setting CVar [[r.SSR.HalfResSceneColor:0]]
[2021.03.25-23.28.25:783][  0]LogConfig: Setting CVar [[r.SceneColorFormat:4]]
[2021.03.25-23.28.25:783][  0]LogConfig: Setting CVar [[r.DetailMode:2]]
[2021.03.25-23.28.25:783][  0]LogConfig: Setting CVar [[r.TranslucencyVolumeBlur:1]]
[2021.03.25-23.28.25:783][  0]LogConfig: Setting CVar [[r.MaterialQualityLevel:1 ; High quality]]
[2021.03.25-23.28.25:783][  0]LogConfig: Setting CVar [[r.SSS.Scale:1]]
[2021.03.25-23.28.25:783][  0]LogConfig: Setting CVar [[r.SSS.SampleSet:2]]
[2021.03.25-23.28.25:783][  0]LogConfig: Setting CVar [[r.SSS.Quality:1]]
[2021.03.25-23.28.25:783][  0]LogConfig: Setting CVar [[r.SSS.HalfRes:0]]
[2021.03.25-23.28.25:783][  0]LogConfig: Setting CVar [[r.SSGI.Quality:3]]
[2021.03.25-23.28.25:783][  0]LogConfig: Setting CVar [[r.EmitterSpawnRateScale:1.0]]
[2021.03.25-23.28.25:783][  0]LogConfig: Setting CVar [[r.ParticleLightQuality:2]]
[2021.03.25-23.28.25:783][  0]LogConfig: Setting CVar [[r.SkyAtmosphere.AerialPerspectiveLUT.FastApplyOnOpaque:1 ; Always have FastSkyLUT 1 in this case to avoid wrong sky]]
[2021.03.25-23.28.25:783][  0]LogConfig: Setting CVar [[r.SkyAtmosphere.AerialPerspectiveLUT.SampleCountPerSlice:1]]
[2021.03.25-23.28.25:783][  0]LogConfig: Setting CVar [[r.SkyAtmosphere.AerialPerspectiveLUT.DepthResolution:16.0]]
[2021.03.25-23.28.25:783][  0]LogConfig: Setting CVar [[r.SkyAtmosphere.FastSkyLUT:1]]
[2021.03.25-23.28.25:783][  0]LogConfig: Setting CVar [[r.SkyAtmosphere.FastSkyLUT.SampleCountMin:4.0]]
[2021.03.25-23.28.25:783][  0]LogConfig: Setting CVar [[r.SkyAtmosphere.FastSkyLUT.SampleCountMax:32.0]]
[2021.03.25-23.28.25:783][  0]LogConfig: Setting CVar [[r.SkyAtmosphere.SampleCountMin:4.0]]
[2021.03.25-23.28.25:783][  0]LogConfig: Setting CVar [[r.SkyAtmosphere.SampleCountMax:32.0]]
[2021.03.25-23.28.25:783][  0]LogConfig: Setting CVar [[r.SkyAtmosphere.TransmittanceLUT.UseSmallFormat:0]]
[2021.03.25-23.28.25:783][  0]LogConfig: Setting CVar [[r.SkyAtmosphere.TransmittanceLUT.SampleCount:10.0]]
[2021.03.25-23.28.25:783][  0]LogConfig: Setting CVar [[r.SkyAtmosphere.MultiScatteringLUT.SampleCount:15.0]]
[2021.03.25-23.28.25:783][  0]LogConfig: Applying CVar settings from Section [FoliageQuality@3] File [D:/Epic Game/UE_4.25_Projects/UnrealGrapplingProject/GrapplingProject/ProjetUnreal_Copy/Saved/Config/Windows/Scalability.ini]
[2021.03.25-23.28.25:784][  0]LogConfig: Setting CVar [[foliage.DensityScale:1.0]]
[2021.03.25-23.28.25:784][  0]LogConfig: Setting CVar [[grass.DensityScale:1.0]]
[2021.03.25-23.28.25:784][  0]LogConfig: Applying CVar settings from Section [ShadingQuality@3] File [D:/Epic Game/UE_4.25_Projects/UnrealGrapplingProject/GrapplingProject/ProjetUnreal_Copy/Saved/Config/Windows/Scalability.ini]
[2021.03.25-23.28.25:784][  0]LogConfig: Setting CVar [[r.HairStrands.SkyLighting.SampleCount:16]]
[2021.03.25-23.28.25:784][  0]LogConfig: Setting CVar [[r.HairStrands.SkyLighting.JitterIntegration:0]]
[2021.03.25-23.28.25:784][  0]LogConfig: Setting CVar [[r.HairStrands.SkyAO.SampleCount:16]]
[2021.03.25-23.28.25:784][  0]LogConfig: Setting CVar [[r.HairStrands.DeepShadow.SuperSampling:0]]
[2021.03.25-23.28.25:784][  0]LogConfig: Setting CVar [[r.HairStrands.VisibilityPPLL:0]]
[2021.03.25-23.28.25:784][  0]LogConfig: Setting CVar [[r.HairStrands.RasterizationScale:0.5]]
[2021.03.25-23.28.25:784][  0]LogConfig: Setting CVar [[r.HairStrands.VelocityRasterizationScale:1]]
[2021.03.25-23.28.25:784][  0]LogInit: Selected Device Profile: [Windows]
[2021.03.25-23.28.25:784][  0]LogInit: Applying CVar settings loaded from the selected device profile: [Windows]
[2021.03.25-23.28.25:784][  0]LogHAL: Display: Platform has ~ 16 GB [17053216768 / 17179869184 / 16], which maps to Larger [LargestMinGB=32, LargerMinGB=12, DefaultMinGB=8, SmallerMinGB=6, SmallestMinGB=0)
[2021.03.25-23.28.25:784][  0]LogInit: Going up to parent DeviceProfile []
[2021.03.25-23.28.25:784][  0]LogConfig: Applying CVar settings from Section [ViewDistanceQuality@3] File [D:/Epic Game/UE_4.25_Projects/UnrealGrapplingProject/GrapplingProject/ProjetUnreal_Copy/Saved/Config/Windows/Scalability.ini]
[2021.03.25-23.28.25:784][  0]LogConfig: Setting CVar [[r.SkeletalMeshLODBias:0]]
[2021.03.25-23.28.25:784][  0]LogConfig: Setting CVar [[r.ViewDistanceScale:1.0]]
[2021.03.25-23.28.25:784][  0]LogConfig: Applying CVar settings from Section [AntiAliasingQuality@3] File [D:/Epic Game/UE_4.25_Projects/UnrealGrapplingProject/GrapplingProject/ProjetUnreal_Copy/Saved/Config/Windows/Scalability.ini]
[2021.03.25-23.28.25:784][  0]LogConfig: Setting CVar [[r.PostProcessAAQuality:4]]
[2021.03.25-23.28.25:784][  0]LogConfig: Applying CVar settings from Section [ShadowQuality@3] File [D:/Epic Game/UE_4.25_Projects/UnrealGrapplingProject/GrapplingProject/ProjetUnreal_Copy/Saved/Config/Windows/Scalability.ini]
[2021.03.25-23.28.25:784][  0]LogConfig: Setting CVar [[r.LightFunctionQuality:1]]
[2021.03.25-23.28.25:784][  0]LogConfig: Setting CVar [[r.ShadowQuality:5]]
[2021.03.25-23.28.25:784][  0]LogConfig: Setting CVar [[r.Shadow.CSM.MaxCascades:10]]
[2021.03.25-23.28.25:784][  0]LogConfig: Setting CVar [[r.Shadow.MaxResolution:2048]]
[2021.03.25-23.28.25:784][  0]LogConfig: Setting CVar [[r.Shadow.MaxCSMResolution:2048]]
[2021.03.25-23.28.25:784][  0]LogConfig: Setting CVar [[r.Shadow.RadiusThreshold:0.01]]
[2021.03.25-23.28.25:784][  0]LogConfig: Setting CVar [[r.Shadow.DistanceScale:1.0]]
[2021.03.25-23.28.25:784][  0]LogConfig: Setting CVar [[r.Shadow.CSM.TransitionScale:1.0]]
[2021.03.25-23.28.25:784][  0]LogConfig: Setting CVar [[r.Shadow.PreShadowResolutionFactor:1.0]]
[2021.03.25-23.28.25:784][  0]LogConfig: Setting CVar [[r.DistanceFieldShadowing:1]]
[2021.03.25-23.28.25:784][  0]LogConfig: Setting CVar [[r.DistanceFieldAO:1]]
[2021.03.25-23.28.25:784][  0]LogConfig: Setting CVar [[r.AOQuality:2]]
[2021.03.25-23.28.25:784][  0]LogConfig: Setting CVar [[r.VolumetricFog:1]]
[2021.03.25-23.28.25:784][  0]LogConfig: Setting CVar [[r.VolumetricFog.GridPixelSize:8]]
[2021.03.25-23.28.25:784][  0]LogConfig: Setting CVar [[r.VolumetricFog.GridSizeZ:128]]
[2021.03.25-23.28.25:784][  0]LogConfig: Setting CVar [[r.VolumetricFog.HistoryMissSupersampleCount:4]]
[2021.03.25-23.28.25:784][  0]LogConfig: Setting CVar [[r.LightMaxDrawDistanceScale:1]]
[2021.03.25-23.28.25:784][  0]LogConfig: Setting CVar [[r.CapsuleShadows:1]]
[2021.03.25-23.28.25:784][  0]LogConfig: Applying CVar settings from Section [PostProcessQuality@3] File [D:/Epic Game/UE_4.25_Projects/UnrealGrapplingProject/GrapplingProject/ProjetUnreal_Copy/Saved/Config/Windows/Scalability.ini]
[2021.03.25-23.28.25:784][  0]LogConfig: Setting CVar [[r.MotionBlurQuality:4]]
[2021.03.25-23.28.25:784][  0]LogConfig: Setting CVar [[r.AmbientOcclusionMipLevelFactor:0.4]]
[2021.03.25-23.28.25:784][  0]LogConfig: Setting CVar [[r.AmbientOcclusionMaxQuality:100]]
[2021.03.25-23.28.25:784][  0]LogConfig: Setting CVar [[r.AmbientOcclusionLevels:-1]]
[2021.03.25-23.28.25:784][  0]LogConfig: Setting CVar [[r.AmbientOcclusionRadiusScale:1.0]]
[2021.03.25-23.28.25:784][  0]LogConfig: Setting CVar [[r.DepthOfFieldQuality:2]]
[2021.03.25-23.28.25:784][  0]LogConfig: Setting CVar [[r.RenderTargetPoolMin:400]]
[2021.03.25-23.28.25:784][  0]LogConfig: Setting CVar [[r.LensFlareQuality:2]]
[2021.03.25-23.28.25:784][  0]LogConfig: Setting CVar [[r.SceneColorFringeQuality:1]]
[2021.03.25-23.28.25:784][  0]LogConfig: Setting CVar [[r.EyeAdaptationQuality:2]]
[2021.03.25-23.28.25:784][  0]LogConfig: Setting CVar [[r.BloomQuality:5]]
[2021.03.25-23.28.25:784][  0]LogConfig: Setting CVar [[r.FastBlurThreshold:100]]
[2021.03.25-23.28.25:784][  0]LogConfig: Setting CVar [[r.Upscale.Quality:3]]
[2021.03.25-23.28.25:784][  0]LogConfig: Setting CVar [[r.Tonemapper.GrainQuantization:1]]
[2021.03.25-23.28.25:784][  0]LogConfig: Setting CVar [[r.LightShaftQuality:1]]
[2021.03.25-23.28.25:784][  0]LogConfig: Setting CVar [[r.Filter.SizeScale:1]]
[2021.03.25-23.28.25:784][  0]LogConfig: Setting CVar [[r.Tonemapper.Quality:5]]
[2021.03.25-23.28.25:784][  0]LogConfig: Setting CVar [[r.DOF.Gather.AccumulatorQuality:1        ; higher gathering accumulator quality]]
[2021.03.25-23.28.25:784][  0]LogConfig: Setting CVar [[r.DOF.Gather.PostfilterMethod:1          ; Median3x3 postfilering method]]
[2021.03.25-23.28.25:784][  0]LogConfig: Setting CVar [[r.DOF.Gather.EnableBokehSettings:0       ; no bokeh simulation when gathering]]
[2021.03.25-23.28.25:784][  0]LogConfig: Setting CVar [[r.DOF.Gather.RingCount:4                 ; medium number of samples when gathering]]
[2021.03.25-23.28.25:784][  0]LogConfig: Setting CVar [[r.DOF.Scatter.ForegroundCompositing:1    ; additive foreground scattering]]
[2021.03.25-23.28.25:784][  0]LogConfig: Setting CVar [[r.DOF.Scatter.BackgroundCompositing:2    ; additive background scattering]]
[2021.03.25-23.28.25:784][  0]LogConfig: Setting CVar [[r.DOF.Scatter.EnableBokehSettings:1      ; bokeh simulation when scattering]]
[2021.03.25-23.28.25:784][  0]LogConfig: Setting CVar [[r.DOF.Scatter.MaxSpriteRatio:0.1         ; only a maximum of 10% of scattered bokeh]]
[2021.03.25-23.28.25:784][  0]LogConfig: Setting CVar [[r.DOF.Recombine.Quality:1                ; cheap slight out of focus]]
[2021.03.25-23.28.25:784][  0]LogConfig: Setting CVar [[r.DOF.Recombine.EnableBokehSettings:0    ; no bokeh simulation on slight out of focus]]
[2021.03.25-23.28.25:784][  0]LogConfig: Setting CVar [[r.DOF.TemporalAAQuality:1                ; more stable temporal accumulation]]
[2021.03.25-23.28.25:784][  0]LogConfig: Setting CVar [[r.DOF.Kernel.MaxForegroundRadius:0.025]]
[2021.03.25-23.28.25:785][  0]LogConfig: Setting CVar [[r.DOF.Kernel.MaxBackgroundRadius:0.025]]
[2021.03.25-23.28.25:785][  0]LogConfig: Applying CVar settings from Section [TextureQuality@3] File [D:/Epic Game/UE_4.25_Projects/UnrealGrapplingProject/GrapplingProject/ProjetUnreal_Copy/Saved/Config/Windows/Scalability.ini]
[2021.03.25-23.28.25:785][  0]LogConfig: Setting CVar [[r.Streaming.MipBias:0]]
[2021.03.25-23.28.25:785][  0]LogConfig: Setting CVar [[r.Streaming.AmortizeCPUToGPUCopy:0]]
[2021.03.25-23.28.25:785][  0]LogConfig: Setting CVar [[r.Streaming.MaxNumTexturesToStreamPerFrame:0]]
[2021.03.25-23.28.25:785][  0]LogConfig: Setting CVar [[r.Streaming.Boost:1]]
[2021.03.25-23.28.25:785][  0]LogConfig: Setting CVar [[r.MaxAnisotropy:8]]
[2021.03.25-23.28.25:785][  0]LogConfig: Setting CVar [[r.VT.MaxAnisotropy:8]]
[2021.03.25-23.28.25:785][  0]LogConfig: Setting CVar [[r.Streaming.LimitPoolSizeToVRAM:0]]
[2021.03.25-23.28.25:785][  0]LogConfig: Setting CVar [[r.Streaming.PoolSize:1000]]
[2021.03.25-23.28.25:785][  0]LogConfig: Setting CVar [[r.Streaming.MaxEffectiveScreenSize:0]]
[2021.03.25-23.28.25:785][  0]LogConfig: Applying CVar settings from Section [EffectsQuality@3] File [D:/Epic Game/UE_4.25_Projects/UnrealGrapplingProject/GrapplingProject/ProjetUnreal_Copy/Saved/Config/Windows/Scalability.ini]
[2021.03.25-23.28.25:785][  0]LogConfig: Setting CVar [[r.TranslucencyLightingVolumeDim:64]]
[2021.03.25-23.28.25:785][  0]LogConfig: Setting CVar [[r.RefractionQuality:2]]
[2021.03.25-23.28.25:785][  0]LogConfig: Setting CVar [[r.SSR.Quality:3]]
[2021.03.25-23.28.25:785][  0]LogConfig: Setting CVar [[r.SSR.HalfResSceneColor:0]]
[2021.03.25-23.28.25:785][  0]LogConfig: Setting CVar [[r.SceneColorFormat:4]]
[2021.03.25-23.28.25:785][  0]LogConfig: Setting CVar [[r.DetailMode:2]]
[2021.03.25-23.28.25:785][  0]LogConfig: Setting CVar [[r.TranslucencyVolumeBlur:1]]
[2021.03.25-23.28.25:785][  0]LogConfig: Setting CVar [[r.MaterialQualityLevel:1 ; High quality]]
[2021.03.25-23.28.25:785][  0]LogConfig: Setting CVar [[r.SSS.Scale:1]]
[2021.03.25-23.28.25:785][  0]LogConfig: Setting CVar [[r.SSS.SampleSet:2]]
[2021.03.25-23.28.25:785][  0]LogConfig: Setting CVar [[r.SSS.Quality:1]]
[2021.03.25-23.28.25:785][  0]LogConfig: Setting CVar [[r.SSS.HalfRes:0]]
[2021.03.25-23.28.25:785][  0]LogConfig: Setting CVar [[r.SSGI.Quality:3]]
[2021.03.25-23.28.25:785][  0]LogConfig: Setting CVar [[r.EmitterSpawnRateScale:1.0]]
[2021.03.25-23.28.25:785][  0]LogConfig: Setting CVar [[r.ParticleLightQuality:2]]
[2021.03.25-23.28.25:785][  0]LogConfig: Setting CVar [[r.SkyAtmosphere.AerialPerspectiveLUT.FastApplyOnOpaque:1 ; Always have FastSkyLUT 1 in this case to avoid wrong sky]]
[2021.03.25-23.28.25:785][  0]LogConfig: Setting CVar [[r.SkyAtmosphere.AerialPerspectiveLUT.SampleCountPerSlice:1]]
[2021.03.25-23.28.25:785][  0]LogConfig: Setting CVar [[r.SkyAtmosphere.AerialPerspectiveLUT.DepthResolution:16.0]]
[2021.03.25-23.28.25:785][  0]LogConfig: Setting CVar [[r.SkyAtmosphere.FastSkyLUT:1]]
[2021.03.25-23.28.25:785][  0]LogConfig: Setting CVar [[r.SkyAtmosphere.FastSkyLUT.SampleCountMin:4.0]]
[2021.03.25-23.28.25:785][  0]LogConfig: Setting CVar [[r.SkyAtmosphere.FastSkyLUT.SampleCountMax:32.0]]
[2021.03.25-23.28.25:785][  0]LogConfig: Setting CVar [[r.SkyAtmosphere.SampleCountMin:4.0]]
[2021.03.25-23.28.25:785][  0]LogConfig: Setting CVar [[r.SkyAtmosphere.SampleCountMax:32.0]]
[2021.03.25-23.28.25:785][  0]LogConfig: Setting CVar [[r.SkyAtmosphere.TransmittanceLUT.UseSmallFormat:0]]
[2021.03.25-23.28.25:785][  0]LogConfig: Setting CVar [[r.SkyAtmosphere.TransmittanceLUT.SampleCount:10.0]]
[2021.03.25-23.28.25:785][  0]LogConfig: Setting CVar [[r.SkyAtmosphere.MultiScatteringLUT.SampleCount:15.0]]
[2021.03.25-23.28.25:785][  0]LogConfig: Applying CVar settings from Section [FoliageQuality@3] File [D:/Epic Game/UE_4.25_Projects/UnrealGrapplingProject/GrapplingProject/ProjetUnreal_Copy/Saved/Config/Windows/Scalability.ini]
[2021.03.25-23.28.25:785][  0]LogConfig: Setting CVar [[foliage.DensityScale:1.0]]
[2021.03.25-23.28.25:785][  0]LogConfig: Setting CVar [[grass.DensityScale:1.0]]
[2021.03.25-23.28.25:785][  0]LogConfig: Applying CVar settings from Section [ShadingQuality@3] File [D:/Epic Game/UE_4.25_Projects/UnrealGrapplingProject/GrapplingProject/ProjetUnreal_Copy/Saved/Config/Windows/Scalability.ini]
[2021.03.25-23.28.25:785][  0]LogConfig: Setting CVar [[r.HairStrands.SkyLighting.SampleCount:16]]
[2021.03.25-23.28.25:785][  0]LogConfig: Setting CVar [[r.HairStrands.SkyLighting.JitterIntegration:0]]
[2021.03.25-23.28.25:785][  0]LogConfig: Setting CVar [[r.HairStrands.SkyAO.SampleCount:16]]
[2021.03.25-23.28.25:785][  0]LogConfig: Setting CVar [[r.HairStrands.DeepShadow.SuperSampling:0]]
[2021.03.25-23.28.25:785][  0]LogConfig: Setting CVar [[r.HairStrands.VisibilityPPLL:0]]
[2021.03.25-23.28.25:785][  0]LogConfig: Setting CVar [[r.HairStrands.RasterizationScale:0.5]]
[2021.03.25-23.28.25:785][  0]LogConfig: Setting CVar [[r.HairStrands.VelocityRasterizationScale:1]]
[2021.03.25-23.28.25:785][  0]LogConfig: Applying CVar settings from Section [Startup] File [../../../Engine/Config/ConsoleVariables.ini]
[2021.03.25-23.28.25:785][  0]LogConfig: Setting CVar [[net.UseAdaptiveNetUpdateFrequency:0]]
[2021.03.25-23.28.25:785][  0]LogConfig: Setting CVar [[p.chaos.AllowCreatePhysxBodies:1]]
[2021.03.25-23.28.25:785][  0]LogConfig: Setting CVar [[fx.SkipVectorVMBackendOptimizations:1]]
[2021.03.25-23.28.25:785][  0]LogConfig: Applying CVar settings from Section [ConsoleVariables] File [D:/Epic Game/UE_4.25_Projects/UnrealGrapplingProject/GrapplingProject/ProjetUnreal_Copy/Saved/Config/Windows/Engine.ini]
[2021.03.25-23.28.25:786][  0]LogInit: Computer: LAPTOP-TARL3OU0
[2021.03.25-23.28.25:786][  0]LogInit: User: Feafj
[2021.03.25-23.28.25:786][  0]LogInit: CPU Page size=4096, Cores=6
[2021.03.25-23.28.25:786][  0]LogInit: High frequency timer resolution =10.000000 MHz
[2021.03.25-23.28.25:786][  0]LogMemory: Memory total: Physical=15.9GB (16GB approx)
[2021.03.25-23.28.25:786][  0]LogMemory: Platform Memory Stats for Windows
[2021.03.25-23.28.25:786][  0]LogMemory: Process Physical Memory: 116.11 MB used, 116.11 MB peak
[2021.03.25-23.28.25:786][  0]LogMemory: Process Virtual Memory: 119.16 MB used, 119.16 MB peak
[2021.03.25-23.28.25:786][  0]LogMemory: Physical Memory: 5413.15 MB used,  10850.07 MB free, 16263.21 MB total
[2021.03.25-23.28.25:786][  0]LogMemory: Virtual Memory: 5187.10 MB used,  134212544.00 MB free, 134217728.00 MB total
[2021.03.25-23.28.25:792][  0]LogWindows: WindowsPlatformFeatures enabled
[2021.03.25-23.28.25:845][  0]LogInit: Physics initialised using underlying interface: PhysX
[2021.03.25-23.28.25:846][  0]LogInit: Using OS detected language (fr-FR).
[2021.03.25-23.28.25:846][  0]LogInit: Using OS detected locale (fr-FR).
[2021.03.25-23.28.25:848][  0]LogTextLocalizationManager: No specific localization for 'fr-FR' exists, so the 'fr' localization will be used.
[2021.03.25-23.28.25:848][  0]LogTextLocalizationResource: LocRes '../../../Engine/Content/Localization/Editor/fr/Editor.locres' could not be opened for reading!
[2021.03.25-23.28.25:848][  0]LogTextLocalizationResource: LocRes '../../../Engine/Content/Localization/EditorTutorials/fr/EditorTutorials.locres' could not be opened for reading!
[2021.03.25-23.28.25:848][  0]LogTextLocalizationResource: LocRes '../../../Engine/Content/Localization/Keywords/fr/Keywords.locres' could not be opened for reading!
[2021.03.25-23.28.25:848][  0]LogTextLocalizationResource: LocRes '../../../Engine/Content/Localization/Category/fr/Category.locres' could not be opened for reading!
[2021.03.25-23.28.25:848][  0]LogTextLocalizationResource: LocRes '../../../Engine/Content/Localization/ToolTips/fr/ToolTips.locres' could not be opened for reading!
[2021.03.25-23.28.25:849][  0]LogTextLocalizationResource: LocRes '../../../Engine/Content/Localization/PropertyNames/fr/PropertyNames.locres' could not be opened for reading!
[2021.03.25-23.28.25:849][  0]LogTextLocalizationResource: LocRes '../../../Engine/Content/Localization/Engine/fr/Engine.locres' could not be opened for reading!
[2021.03.25-23.28.25:849][  0]LogInit: Setting process to per monitor DPI aware
[2021.03.25-23.28.25:879][  0]LogSlate: New Slate User Created.  User Index 0, Is Virtual User: 0
[2021.03.25-23.28.25:879][  0]LogSlate: Slate User Registered.  User Index 0, Is Virtual User: 0
[2021.03.25-23.28.26:021][  0]LogHMD: Failed to initialize OpenVR with code 110
[2021.03.25-23.28.26:021][  0]LogD3D11RHI: D3D11 min allowed feature level: 11_0
[2021.03.25-23.28.26:021][  0]LogD3D11RHI: D3D11 max allowed feature level: 11_0
[2021.03.25-23.28.26:021][  0]LogD3D11RHI: D3D11 adapters:
[2021.03.25-23.28.26:092][  0]LogD3D11RHI:    0. 'NVIDIA GeForce GTX 1070' (Feature Level 11_0)
[2021.03.25-23.28.26:092][  0]LogD3D11RHI:       8081/0/8131 MB DedicatedVideo/DedicatedSystem/SharedSystem, Outputs:2, VendorId:0x10de
[2021.03.25-23.28.26:096][  0]LogD3D11RHI:    1. 'Microsoft Basic Render Driver' (Feature Level 11_0)
[2021.03.25-23.28.26:096][  0]LogD3D11RHI:       0/0/8131 MB DedicatedVideo/DedicatedSystem/SharedSystem, Outputs:0, VendorId:0x1414
[2021.03.25-23.28.26:096][  0]LogD3D11RHI: Chosen D3D11 Adapter: 0
[2021.03.25-23.28.26:102][  0]LogD3D11RHI: Creating new Direct3DDevice
[2021.03.25-23.28.26:102][  0]LogD3D11RHI:     GPU DeviceId: 0x1be1 (for the marketing name, search the web for "GPU Device Id")
[2021.03.25-23.28.26:102][  0]LogWindows: EnumDisplayDevices:
[2021.03.25-23.28.26:102][  0]LogWindows:    0. 'NVIDIA GeForce GTX 1070' (P:1 D:1)
[2021.03.25-23.28.26:103][  0]LogWindows:    1. 'NVIDIA GeForce GTX 1070' (P:0 D:1)
[2021.03.25-23.28.26:103][  0]LogWindows:    2. 'NVIDIA GeForce GTX 1070' (P:0 D:0)
[2021.03.25-23.28.26:103][  0]LogWindows:    3. 'NVIDIA GeForce GTX 1070' (P:0 D:0)
[2021.03.25-23.28.26:103][  0]LogWindows: DebugString: FoundDriverCount:4 
[2021.03.25-23.28.26:103][  0]LogD3D11RHI:     Adapter Name: NVIDIA GeForce GTX 1070
[2021.03.25-23.28.26:103][  0]LogD3D11RHI:   Driver Version: 457.09 (internal:27.21.14.5709, unified:457.09)
[2021.03.25-23.28.26:103][  0]LogD3D11RHI:      Driver Date: 10-22-2020
[2021.03.25-23.28.26:103][  0]LogRHI: Texture pool is 5656 MB (70% of 8081 MB)
[2021.03.25-23.28.26:144][  0]LogD3D11RHI: RHI has support for 64 bit atomics
[2021.03.25-23.28.26:144][  0]LogD3D11RHI: Async texture creation enabled
[2021.03.25-23.28.26:144][  0]LogD3D11RHI: Array index from any shader is supported
[2021.03.25-23.28.26:162][  0]LogD3D11RHI: GPU Timing Frequency: 1000.000000 (Debug: 2 1)
[2021.03.25-23.28.26:499][  0]LogTargetPlatformManager: Display: Loaded TargetPlatform 'AllDesktop'
[2021.03.25-23.28.26:524][  0]LogTargetPlatformManager: Display: Loaded TargetPlatform 'Android'
[2021.03.25-23.28.26:524][  0]LogTargetPlatformManager: Display: Loaded TargetPlatform 'Android_ASTC'
[2021.03.25-23.28.26:524][  0]LogTargetPlatformManager: Display: Loaded TargetPlatform 'Android_DXT'
[2021.03.25-23.28.26:524][  0]LogTargetPlatformManager: Display: Loaded TargetPlatform 'Android_ETC2'
[2021.03.25-23.28.26:524][  0]LogTargetPlatformManager: Display: Loaded TargetPlatform 'AndroidClient'
[2021.03.25-23.28.26:524][  0]LogTargetPlatformManager: Display: Loaded TargetPlatform 'Android_ASTCClient'
[2021.03.25-23.28.26:524][  0]LogTargetPlatformManager: Display: Loaded TargetPlatform 'Android_DXTClient'
[2021.03.25-23.28.26:524][  0]LogTargetPlatformManager: Display: Loaded TargetPlatform 'Android_ETC2Client'
[2021.03.25-23.28.26:524][  0]LogTargetPlatformManager: Display: Loaded TargetPlatform 'Android_Multi'
[2021.03.25-23.28.26:524][  0]LogTargetPlatformManager: Display: Loaded TargetPlatform 'Android_MultiClient'
[2021.03.25-23.28.26:549][  0]LogTargetPlatformManager: Display: Loaded TargetPlatform 'IOSClient'
[2021.03.25-23.28.26:549][  0]LogTargetPlatformManager: Display: Loaded TargetPlatform 'IOS'
[2021.03.25-23.28.26:560][  0]LogTargetPlatformManager: Display: Loaded TargetPlatform 'Linux'
[2021.03.25-23.28.26:570][  0]LogTargetPlatformManager: Display: Loaded TargetPlatform 'LinuxNoEditor'
[2021.03.25-23.28.26:583][  0]LogTargetPlatformManager: Display: Loaded TargetPlatform 'LinuxClient'
[2021.03.25-23.28.26:596][  0]LogTargetPlatformManager: Display: Loaded TargetPlatform 'LinuxServer'
[2021.03.25-23.28.26:609][  0]LogTargetPlatformManager: Display: Loaded TargetPlatform 'LinuxAArch64NoEditor'
[2021.03.25-23.28.26:619][  0]LogTargetPlatformManager: Display: Loaded TargetPlatform 'LinuxAArch64Client'
[2021.03.25-23.28.26:631][  0]LogTargetPlatformManager: Display: Loaded TargetPlatform 'LinuxAArch64Server'
[2021.03.25-23.28.26:664][  0]LogTargetPlatformManager: Display: Loaded TargetPlatform 'Lumin'
[2021.03.25-23.28.26:664][  0]LogTargetPlatformManager: Display: Loaded TargetPlatform 'LuminClient'
[2021.03.25-23.28.26:683][  0]LogTargetPlatformManager: Display: Loaded TargetPlatform 'TVOSClient'
[2021.03.25-23.28.26:683][  0]LogTargetPlatformManager: Display: Loaded TargetPlatform 'TVOS'
[2021.03.25-23.28.26:697][  0]LogTargetPlatformManager: Display: Loaded TargetPlatform 'WindowsNoEditor'
[2021.03.25-23.28.26:706][  0]LogTargetPlatformManager: Display: Loaded TargetPlatform 'Windows'
[2021.03.25-23.28.26:719][  0]LogTargetPlatformManager: Display: Loaded TargetPlatform 'WindowsClient'
[2021.03.25-23.28.26:728][  0]LogTargetPlatformManager: Display: Loaded TargetPlatform 'WindowsServer'
[2021.03.25-23.28.26:728][  0]LogTargetPlatformManager: Display: Building Assets For Windows
[2021.03.25-23.28.26:736][  0]LogAudioDebug: Display: Lib vorbis DLL was dynamically loaded.
[2021.03.25-23.28.26:796][  0]LogShaderCompilers: Guid format shader working directory is -41 characters bigger than the processId version (../../../../UE_4.25_Projects/UnrealGrapplingProject/GrapplingProject/ProjetUnreal_Copy/Intermediate/Shaders/WorkingDirectory/18436/).
[2021.03.25-23.28.26:797][  0]LogShaderCompilers: Cleaned the shader compiler working directory 'C:/Users/Feafj/AppData/Local/Temp/UnrealShaderWorkingDir/D9B15F0448FDFD917DE6DC8CE0AA2318/'.
[2021.03.25-23.28.26:797][  0]LogXGEController: Cleaning working directory: C:/Users/Feafj/AppData/Local/Temp/UnrealXGEWorkingDir/
[2021.03.25-23.28.26:797][  0]LogXGEController: Cannot use XGE Controller as Incredibuild is not installed on this machine.
[2021.03.25-23.28.26:797][  0]LogShaderCompilers: Cannot use XGE Shader Compiler as Incredibuild is not installed on this machine.
[2021.03.25-23.28.26:797][  0]LogShaderCompilers: Display: Using Local Shader Compiler.
[2021.03.25-23.28.27:549][  0]LogDerivedDataCache: Display: Max Cache Size: 512 MB
[2021.03.25-23.28.27:604][  0]LogDerivedDataCache: Loaded boot cache 0.05s 87MB C:/Users/Feafj/AppData/Local/UnrealEngine/4.25/DerivedDataCache/Boot.ddc.
[2021.03.25-23.28.27:604][  0]LogDerivedDataCache: Display: Loaded Boot cache: C:/Users/Feafj/AppData/Local/UnrealEngine/4.25/DerivedDataCache/Boot.ddc
[2021.03.25-23.28.27:604][  0]LogDerivedDataCache: FDerivedDataBackendGraph:  Pak pak cache file ../../../../UE_4.25_Projects/UnrealGrapplingProject/GrapplingProject/ProjetUnreal_Copy/DerivedDataCache/DDC.ddp not found, will not use a pak cache.
[2021.03.25-23.28.27:604][  0]LogDerivedDataCache: Unable to find inner node Pak for hierarchical cache Hierarchy.
[2021.03.25-23.28.27:604][  0]LogDerivedDataCache: FDerivedDataBackendGraph:  CompressedPak pak cache file ../../../../UE_4.25_Projects/UnrealGrapplingProject/GrapplingProject/ProjetUnreal_Copy/DerivedDataCache/Compressed.ddp not found, will not use a pak cache.
[2021.03.25-23.28.27:604][  0]LogDerivedDataCache: Unable to find inner node CompressedPak for hierarchical cache Hierarchy.
[2021.03.25-23.28.27:614][  0]LogDerivedDataCache: Display: Pak cache opened for reading ../../../Engine/DerivedDataCache/Compressed.ddp.
[2021.03.25-23.28.27:614][  0]LogDerivedDataCache: FDerivedDataBackendGraph:  EnterprisePak pak cache file ../../../Enterprise/DerivedDataCache/Compressed.ddp not found, will not use a pak cache.
[2021.03.25-23.28.27:614][  0]LogDerivedDataCache: Unable to find inner node EnterprisePak for hierarchical cache Hierarchy.
[2021.03.25-23.28.27:615][  0]LogDerivedDataCache: Using Local data cache path C:/Users/Feafj/AppData/Local/UnrealEngine/Common/DerivedDataCache: Writable
[2021.03.25-23.28.27:615][  0]LogDerivedDataCache: Shared data cache path not found in *engine.ini, will not use an Shared cache.
[2021.03.25-23.28.27:615][  0]LogDerivedDataCache: Unable to find inner node Shared for hierarchical cache Hierarchy.
[2021.03.25-23.28.27:675][  0]LogSlate: Using FreeType 2.10.0
[2021.03.25-23.28.27:676][  0]LogSlate: SlateFontServices - WITH_FREETYPE: 1, WITH_HARFBUZZ: 1
[2021.03.25-23.28.27:703][  0]LogAssetRegistry: FAssetRegistry took 0.0023 seconds to start up
[2021.03.25-23.28.27:955][  0]LogInit: Selected Device Profile: [Windows]
[2021.03.25-23.28.28:071][  0]LogMeshReduction: Using QuadricMeshReduction for automatic static mesh reduction
[2021.03.25-23.28.28:071][  0]LogMeshReduction: Using SimplygonMeshReduction for automatic skeletal mesh reduction
[2021.03.25-23.28.28:071][  0]LogMeshReduction: Using ProxyLODMeshReduction for automatic mesh merging
[2021.03.25-23.28.28:071][  0]LogMeshReduction: No distributed automatic mesh merging module available
[2021.03.25-23.28.28:071][  0]LogMeshMerging: No distributed automatic mesh merging module available
[2021.03.25-23.28.28:087][  0]LogNetVersion: ProjetUnreal 1.0.0, NetCL: 13144385, EngineNetVer: 14, GameNetVer: 0 (Checksum: 712950808)
[2021.03.25-23.28.28:534][  0]LogAISub: UAISubsystem::UAISubsystem AISubsystem (0000024F50119840), frame # 0
[2021.03.25-23.28.28:534][  0]LogAISub: UAISubsystem::UAISubsystem AIPerceptionSystem (0000024F5005B740), frame # 0
[2021.03.25-23.28.28:536][  0]LogAISub: UAISubsystem::UAISubsystem EnvQueryManager (0000024F500A2000), frame # 0
[2021.03.25-23.28.28:602][  0]LogPackageLocalizationCache: Processed 20 localized package path(s) for 1 prioritized culture(s) in 0.060282 seconds
[2021.03.25-23.28.28:608][  0]LogUObjectArray: 15917 objects as part of root set at end of initial load.
[2021.03.25-23.28.28:608][  0]LogUObjectAllocator: 3965568 out of 0 bytes used by permanent object pool.
[2021.03.25-23.28.28:608][  0]LogUObjectArray: CloseDisregardForGC: 0/0 objects in disregard for GC pool
[2021.03.25-23.28.28:961][  0]LogSubstanceCoreModule: Substance [CPU] Engine Loaded, Max Texture Size = 2048
[2021.03.25-23.28.28:970][  0]LogTcpMessaging: Initializing TcpMessaging bridge
[2021.03.25-23.28.28:975][  0]LogUdpMessaging: Initializing bridge on interface 0.0.0.0:0 to multicast group 230.0.0.1:6666.
[2021.03.25-23.28.29:045][  0]LogLinker: Warning: Failed to load '/Game/ThirdPersonBP/ThirdPersonOverview': Can't find file.
[2021.03.25-23.28.29:045][  0]LogLinker: Warning: Failed to load '/Game/ThirdPersonBP/ThirdPersonOverview': Can't find file.
[2021.03.25-23.28.29:045][  0]LogUObjectGlobals: Warning: Failed to find object 'Class /Game/ThirdPersonBP/ThirdPersonOverview.ThirdPersonOverview_C'
[2021.03.25-23.28.29:081][  0]SourceControl: Source control is disabled
[2021.03.25-23.28.29:081][  0]SourceControl: Source control is disabled
[2021.03.25-23.28.29:084][  0]SourceControl: Source control is disabled
[2021.03.25-23.28.29:087][  0]SourceControl: Source control is disabled
[2021.03.25-23.28.29:094][  0]SourceControl: Source control is disabled
[2021.03.25-23.28.29:357][  0]LogAndroidPermission: UAndroidPermissionCallbackProxy::GetInstance
[2021.03.25-23.28.29:389][  0]LogAudioCaptureCore: Display: No Audio Capture implementations found. Audio input will be silent.
[2021.03.25-23.28.29:389][  0]LogAudioCaptureCore: Display: No Audio Capture implementations found. Audio input will be silent.
[2021.03.25-23.28.29:440][  0]LogOcInput: OculusInput pre-init called
[2021.03.25-23.28.29:450][  0]LogWindows: Failed to load 'OVRPlugin.dll' (GetLastError=126)
[2021.03.25-23.28.29:450][  0]LogWindows: File 'OVRPlugin.dll' does not exist
[2021.03.25-23.28.29:532][  0]LogEngine: Initializing Engine...
[2021.03.25-23.28.29:532][  0]LogHMD: Failed to initialize OpenVR with code 110
[2021.03.25-23.28.29:532][  0]LogMagicLeap: Warning: VR disabled because ZI is not enabled.  To enable, in the editor, Edit -> Project Settings -> Plugins -> Magic Leap Plugin -> Enable Zero Iteration
[2021.03.25-23.28.29:534][  0]LogStats: UGameplayTagsManager::InitializeManager -  0.000 s
[2021.03.25-23.28.30:348][  0]LogInit: Initializing FReadOnlyCVARCache
[2021.03.25-23.28.30:355][  0]LogAIModule: Creating AISystem for world Untitled
[2021.03.25-23.28.30:355][  0]LogAISub: UAISubsystem::UAISubsystem EnvQueryManager (0000024F5C3D7C00), frame # 0
[2021.03.25-23.28.30:355][  0]LogAISub: UAISubsystem::UAISubsystem AIPerceptionSystem (0000024F5C38F880), frame # 0
[2021.03.25-23.28.30:359][  0]LogAudioMixer: Display: Audio Mixer Platform Settings:
[2021.03.25-23.28.30:359][  0]LogAudioMixer: Display: 	Sample Rate:						  48000
[2021.03.25-23.28.30:359][  0]LogAudioMixer: Display: 	Callback Buffer Frame Size Requested: 1024
[2021.03.25-23.28.30:359][  0]LogAudioMixer: Display: 	Callback Buffer Frame Size To Use:	  1024
[2021.03.25-23.28.30:359][  0]LogAudioMixer: Display: 	Number of buffers to queue:			  2
[2021.03.25-23.28.30:359][  0]LogAudioMixer: Display: 	Max Channels (voices):				  32
[2021.03.25-23.28.30:359][  0]LogAudioMixer: Display: 	Number of Async Source Workers:		  0
[2021.03.25-23.28.30:359][  0]LogAudio: Display: AudioDevice MaxSources: 32
[2021.03.25-23.28.30:359][  0]LogAudio: Display: Using built-in audio occlusion.
[2021.03.25-23.28.30:359][  0]LogAudioMixer: Display: Initializing audio mixer.
[2021.03.25-23.28.30:386][  0]LogAudioMixer: Display: 0: FrontLeft
[2021.03.25-23.28.30:386][  0]LogAudioMixer: Display: 1: FrontRight
[2021.03.25-23.28.30:460][  0]LogAudioMixer: Display: Using Audio Device Haut-parleur/Ecouteurs (Realtek High Definition Audio)
[2021.03.25-23.28.30:461][  0]LogAudioMixer: Display: Initializing Sound Submixes...
[2021.03.25-23.28.30:463][  0]LogAudioMixer: Display: Creating Master Submix 'MasterSubmixDefault'
[2021.03.25-23.28.30:463][  0]LogAudioMixer: Display: Creating Master Submix 'MasterReverbSubmixDefault'
[2021.03.25-23.28.30:465][  0]LogAudioMixer: Display: Creating Master Submix 'MasterEQSubmixDefault'
[2021.03.25-23.28.30:465][  0]LogInit: FAudioDevice initialized.
[2021.03.25-23.28.30:465][  0]LogNetVersion: Set ProjectVersion to 1.0.0.0. Version Checksum will be recalculated on next use.
[2021.03.25-23.28.30:628][  0]LogDerivedDataCache: Saved boot cache 0.16s 87MB C:/Users/Feafj/AppData/Local/UnrealEngine/4.25/DerivedDataCache/Boot.ddc.
[2021.03.25-23.28.30:632][  0]LogInit: Texture streaming: Enabled
[2021.03.25-23.28.30:650][  0]LogEngineSessionManager: EngineSessionManager initialized
[2021.03.25-23.28.30:650][  0]LogEditorSessionSummary: Verbose: Initializing EditorSessionSummaryWriter for editor session tracking
[2021.03.25-23.28.30:651][  0]LogEditorSessionSummary: EditorSessionSummaryWriter initialized
[2021.03.25-23.28.30:747][  0]LogInit: Transaction tracking system initialized
[2021.03.25-23.28.30:771][  0]BlueprintLog: New page: Editor Load
[2021.03.25-23.28.30:845][  0]LocalizationService: Localization service is disabled
[2021.03.25-23.28.30:989][  0]LogCook: Display: Max memory allowance for cook 16384mb min free memory 0mb
[2021.03.25-23.28.30:990][  0]LogCook: Display: Mobile HDR setting 1
[2021.03.25-23.28.31:132][  0]LogFileCache: Scanning file cache for directory 'D:/Epic Game/UE_4.25_Projects/UnrealGrapplingProject/GrapplingProject/ProjetUnreal_Copy/Content/' took 0.00s
[2021.03.25-23.28.31:350][  0]SourceControl: Source control is disabled
[2021.03.25-23.28.31:350][  0]LogUnrealEdMisc: Loading editor; pre map load, took 6.925
[2021.03.25-23.28.31:350][  0]Cmd: MAP LOAD FILE="../../../../UE_4.25_Projects/UnrealGrapplingProject/GrapplingProject/ProjetUnreal_Copy/Content/Maps/MapTestVincent.umap" TEMPLATE=0 SHOWPROGRESS=1 FEATURELEVEL=3
[2021.03.25-23.28.31:350][  0]LightingResults: New page: Lighting Build
[2021.03.25-23.28.31:351][  0]LogWorld: UWorld::CleanupWorld for Untitled, bSessionEnded=true, bCleanupResources=true
[2021.03.25-23.28.31:351][  0]LogSlate: InvalidateAllWidgets triggered.  All widgets were invalidated
[2021.03.25-23.28.31:351][  0]MapCheck: New page: Map Check
[2021.03.25-23.28.31:351][  0]LightingResults: New page: Lighting Build
[2021.03.25-23.28.31:366][  0]LogAISub: UAISubsystem::~UAISubsystem EnvQueryManager (0000024F5C3D7C00), frame # 0
[2021.03.25-23.28.31:366][  0]LogAISub: UAISubsystem::~UAISubsystem AIPerceptionSystem (0000024F5C38F880), frame # 0
[2021.03.25-23.28.31:368][  0]LogUObjectHash: Compacting FUObjectHashTables data took   1.18ms
[2021.03.25-23.28.31:422][  0]LogLinker: Warning: While loading '../../../../UE_4.25_Projects/UnrealGrapplingProject/GrapplingProject/ProjetUnreal_Copy/Content/VBluePrints/Actors/Breakable_DM_Blueprint.uasset' failed to load '/Engine/BasicShapes/Breakable_DM': Can't find file.
[2021.03.25-23.28.31:422][  0]LogLinker: Warning: While loading '../../../../UE_4.25_Projects/UnrealGrapplingProject/GrapplingProject/ProjetUnreal_Copy/Content/VBluePrints/Actors/Breakable_DM_Blueprint.uasset' failed to load '/Engine/BasicShapes/Breakable_DM': Can't find file.
[2021.03.25-23.28.31:422][  0]LogLinker: Warning: While loading '../../../../UE_4.25_Projects/UnrealGrapplingProject/GrapplingProject/ProjetUnreal_Copy/Content/VBluePrints/Actors/Breakable_DM_Blueprint.uasset' failed to load '/Engine/BasicShapes/Breakable_DM': Can't find file.
[2021.03.25-23.28.31:422][  0]LogLinker: Warning: While loading '../../../../UE_4.25_Projects/UnrealGrapplingProject/GrapplingProject/ProjetUnreal_Copy/Content/VBluePrints/Actors/Breakable_DM_Blueprint.uasset' failed to load '/Engine/BasicShapes/Breakable_DM': Can't find file.
[2021.03.25-23.28.31:422][  0]LogLinker: Warning: While loading '../../../../UE_4.25_Projects/UnrealGrapplingProject/GrapplingProject/ProjetUnreal_Copy/Content/Maps/MapTestVincent.umap' failed to load '/Engine/BasicShapes/Breakable_DM': Can't find file.
[2021.03.25-23.28.31:422][  0]LogLinker: Warning: While loading '../../../../UE_4.25_Projects/UnrealGrapplingProject/GrapplingProject/ProjetUnreal_Copy/Content/Maps/MapTestVincent.umap' failed to load '/Engine/BasicShapes/Breakable_DM': Can't find file.
[2021.03.25-23.28.31:422][  0]LogLinker: Warning: While loading '../../../../UE_4.25_Projects/UnrealGrapplingProject/GrapplingProject/ProjetUnreal_Copy/Content/Maps/MapTestVincent.umap' failed to load '/Engine/BasicShapes/Breakable_DM': Can't find file.
[2021.03.25-23.28.31:422][  0]LogLinker: Warning: While loading '../../../../UE_4.25_Projects/UnrealGrapplingProject/GrapplingProject/ProjetUnreal_Copy/Content/Maps/MapTestVincent.umap' failed to load '/Engine/BasicShapes/Breakable_DM': Can't find file.
[2021.03.25-23.28.31:422][  0]LogLinker: Warning: While loading '../../../../UE_4.25_Projects/UnrealGrapplingProject/GrapplingProject/ProjetUnreal_Copy/Content/Maps/MapTestVincent.umap' failed to load '/Engine/BasicShapes/Breakable_DM': Can't find file.
[2021.03.25-23.28.31:422][  0]LoadErrors: Failed to load /Engine/BasicShapes/Breakable_DM.Breakable_DM Referenced by DestructibleComponent0
[2021.03.25-23.28.31:422][  0]LogLinker: Warning: While loading '../../../../UE_4.25_Projects/UnrealGrapplingProject/GrapplingProject/ProjetUnreal_Copy/Content/Maps/MapTestVincent.umap' failed to load '/Engine/BasicShapes/Breakable_DM': Can't find file.
[2021.03.25-23.28.31:422][  0]LoadErrors: Failed to load /Engine/BasicShapes/Breakable_DM.Breakable_DM Referenced by DestructibleComponent0
[2021.03.25-23.28.31:440][  0]LogLinker: Warning: While loading '../../../../UE_4.25_Projects/UnrealGrapplingProject/GrapplingProject/ProjetUnreal_Copy/Content/Maps/MapTestVincent.umap' failed to load '/Game/Maps/MapTestVincent_BuiltData': Can't find file.
[2021.03.25-23.28.31:440][  0]LogLinker: Warning: While loading '../../../../UE_4.25_Projects/UnrealGrapplingProject/GrapplingProject/ProjetUnreal_Copy/Content/Maps/MapTestVincent.umap' failed to load '/Game/Maps/MapTestVincent_BuiltData': Can't find file.
[2021.03.25-23.28.31:444][  0]LogLinker: Warning: While loading '../../../../UE_4.25_Projects/UnrealGrapplingProject/GrapplingProject/ProjetUnreal_Copy/Content/Maps/MapTestVincent.umap' failed to load '/Game/Maps/MapTestVincent_BuiltData': Can't find file.
[2021.03.25-23.28.31:444][  0]LogLinker: Warning: While loading '../../../../UE_4.25_Projects/UnrealGrapplingProject/GrapplingProject/ProjetUnreal_Copy/Content/Maps/MapTestVincent.umap' failed to load '/Game/Maps/MapTestVincent_BuiltData': Can't find file.
[2021.03.25-23.28.31:461][  0]LogLinker: Warning: Failed to load '/Game/Maps/MapTestVincent_BuiltData': Can't find file.
[2021.03.25-23.28.31:461][  0]LogLinker: Warning: Failed to load '/Game/Maps/MapTestVincent_BuiltData': Can't find file.
[2021.03.25-23.28.31:461][  0]LogLinker: Warning: Failed to load '/Game/Maps/MapTestVincent_BuiltData': Can't find file.
[2021.03.25-23.28.31:461][  0]LogLinker: Warning: Failed to load '/Game/Maps/MapTestVincent_BuiltData': Can't find file.
[2021.03.25-23.28.31:473][  0]LogLinker: Warning: While loading '../../../../UE_4.25_Projects/UnrealGrapplingProject/GrapplingProject/ProjetUnreal_Copy/Content/Maps/MapTestVincent.umap' failed to load '/Game/Maps/MapTestVincent_BuiltData': Can't find file.
[2021.03.25-23.28.31:473][  0]LoadErrors: Failed to load /Game/Maps/MapTestVincent_BuiltData.MapTestVincent_BuiltData Referenced by PersistentLevel
[2021.03.25-23.28.31:473][  0]LogLinker: Warning: While loading '../../../../UE_4.25_Projects/UnrealGrapplingProject/GrapplingProject/ProjetUnreal_Copy/Content/Maps/MapTestVincent.umap' failed to load '/Game/Maps/MapTestVincent_BuiltData': Can't find file.
[2021.03.25-23.28.31:473][  0]LoadErrors: Failed to load /Game/Maps/MapTestVincent_BuiltData.MapTestVincent_BuiltData Referenced by PersistentLevel
[2021.03.25-23.28.31:508][  0]LogAIModule: Creating AISystem for world MapTestVincent
[2021.03.25-23.28.31:508][  0]LogAISub: UAISubsystem::UAISubsystem EnvQueryManager (0000024F5C7C0E00), frame # 0
[2021.03.25-23.28.31:508][  0]LogAISub: UAISubsystem::UAISubsystem AIPerceptionSystem (0000024F584516C0), frame # 0
[2021.03.25-23.28.31:513][  0]LogEditorServer: Finished looking for orphan Actors (0.000 secs)
[2021.03.25-23.28.31:530][  0]LogUObjectHash: Compacting FUObjectHashTables data took   0.98ms
[2021.03.25-23.28.31:530][  0]Cmd: MAP CHECKDEP NOCLEARLOG
[2021.03.25-23.28.31:530][  0]MapCheck: Map check complete: 0 Error(s), 0 Warning(s), took 0,147ms to complete.
[2021.03.25-23.28.31:531][  0]LogFileHelpers: Loading map 'MapTestVincent' took 0.181
[2021.03.25-23.28.31:531][  0]LogAssetRegistry: Flushing asset discovery search because of synchronous request, this can take several seconds...
[2021.03.25-23.28.31:553][  0]LogAssetRegistry: Asset discovery search completed in 0.0213 seconds
[2021.03.25-23.28.31:560][  0]LogCollectionManager: Loaded 0 collections in 0.000698 seconds
[2021.03.25-23.28.31:561][  0]LogFileCache: Scanning file cache for directory 'D:/Epic Game/UE_4.25_Projects/UnrealGrapplingProject/GrapplingProject/ProjetUnreal_Copy/Saved/Collections/' took 0.00s
[2021.03.25-23.28.31:561][  0]LogFileCache: Scanning file cache for directory 'D:/Epic Game/UE_4.25_Projects/UnrealGrapplingProject/GrapplingProject/ProjetUnreal_Copy/Content/Developers/Feafj/Collections/' took 0.00s
[2021.03.25-23.28.31:561][  0]LogFileCache: Scanning file cache for directory 'D:/Epic Game/UE_4.25_Projects/UnrealGrapplingProject/GrapplingProject/ProjetUnreal_Copy/Content/Collections/' took 0.00s
[2021.03.25-23.28.31:561][  0]LogCollectionManager: Fixed up redirectors for 0 collections in 0.000003 seconds (updated 0 objects)
[2021.03.25-23.28.31:563][  0]LogUnrealEdMisc: Total Editor Startup Time, took 7.138
[2021.03.25-23.28.31:691][  0]LogContentBrowser: Native class hierarchy populated in 0.0080 seconds. Added 3448 classes and 835 folders.
[2021.03.25-23.28.31:695][  0]LogContentBrowser: Native class hierarchy updated for 'WidgetCarousel' in 0.0002 seconds. Added 0 classes and 0 folders.
[2021.03.25-23.28.31:733][  0]LogContentBrowser: Native class hierarchy updated for 'AddContentDialog' in 0.0002 seconds. Added 0 classes and 0 folders.
[2021.03.25-23.28.31:753][  0]LogSlate: Updating window title bar state: overlay mode, drag disabled, window buttons hidden, title bar hidden
[2021.03.25-23.28.31:756][  0]LogContentBrowser: Native class hierarchy updated for 'SceneOutliner' in 0.0002 seconds. Added 2 classes and 0 folders.
[2021.03.25-23.28.31:757][  0]LogSlate: The tab "TakeRecorder" attempted to spawn but failed for some reason. It will not be displayed but it will still be saved in the layout settings file.
[2021.03.25-23.28.31:820][  0]LogSlate: Took 0.000117 seconds to synchronously load lazily loaded font '../../../Engine/Content/Slate/Fonts/Roboto-Regular.ttf' (155K)
[2021.03.25-23.28.31:821][  0]LogSlate: Took 0.000088 seconds to synchronously load lazily loaded font '../../../Engine/Content/Slate/Fonts/Roboto-Bold.ttf' (160K)
[2021.03.25-23.28.31:823][  0]LogSlate: Took 0.000083 seconds to synchronously load lazily loaded font '../../../Engine/Content/Editor/Slate/Fonts/FontAwesome.ttf' (139K)
[2021.03.25-23.28.31:839][  0]LogSlate: Took 0.000098 seconds to synchronously load lazily loaded font '../../../Engine/Content/Slate/Fonts/Roboto-Light.ttf' (167K)
[2021.03.25-23.28.31:905][  0]LogRenderer: Reallocating scene render targets to support 1096x584 Format 10 NumSamples 1 (Frame:1).
[2021.03.25-23.28.32:001][  0]LogContentBrowser: Native class hierarchy updated for 'HierarchicalLODOutliner' in 0.0002 seconds. Added 0 classes and 0 folders.
[2021.03.25-23.28.32:002][  0]LogLoad: (Engine Initialization) Total time: 7.58 seconds
[2021.03.25-23.28.32:002][  0]LogLoad: (Engine Initialization) Total Blueprint compile time: 0.00 seconds
[2021.03.25-23.28.32:358][  0]LogContentStreaming: Texture pool size now 1000 MB
[2021.03.25-23.28.32:452][  0]LogRenderer: Reallocating scene render targets to support 1096x596 Format 10 NumSamples 1 (Frame:3).
[2021.03.25-23.28.32:452][  0]LogSlate: Took 0.000117 seconds to synchronously load lazily loaded font '../../../Engine/Content/Slate/Fonts/DroidSansMono.ttf' (77K)
[2021.03.25-23.28.32:454][  1]LogSubstanceLiveLink: Warning: Unable to send data along socket, closing connection
[2021.03.25-23.28.38:976][111]LogSlate: Window 'Message Log' being destroyed
[2021.03.25-23.28.42:153][299]LogSlate: Took 0.001206 seconds to synchronously load lazily loaded font '../../../Engine/Content/Slate/Fonts/DroidSansFallback.ttf' (3848K)
[2021.03.25-23.28.44:549][441]LogSlate: Took 0.000104 seconds to synchronously load lazily loaded font '../../../Engine/Content/Slate/Fonts/Roboto-Light.ttf' (167K)
[2021.03.25-23.28.44:560][441]LogAssetEditorSubsystem: Opening Asset editor for WidgetBlueprint /Game/JMenu/PauseMenu.PauseMenu
[2021.03.25-23.28.44:826][441]LogContentBrowser: Native class hierarchy updated for 'BlueprintGraph' in 0.0005 seconds. Added 125 classes and 0 folders.
[2021.03.25-23.28.46:255][441]LogSlate: Took 0.000113 seconds to synchronously load lazily loaded font '../../../Engine/Content/Slate/Fonts/Roboto-BoldCondensed.ttf' (158K)
[2021.03.25-23.28.49:175][615]LogSlate: Window 'PauseMenu' being destroyed
[2021.03.25-23.28.50:504][693]LogAssetEditorSubsystem: Opening Asset editor for WidgetBlueprint /Game/JMenu/Options.Options
[2021.03.25-23.28.58:074][108]LogSlate: Took 0.000115 seconds to synchronously load lazily loaded font '../../../Engine/Content/Slate/Fonts/Roboto-Italic.ttf' (157K)
[2021.03.25-23.29.05:973][579]LogAssetEditorSubsystem: Opening Asset editor for Blueprint /Game/VBluePrints/VPlayer.VPlayer
[2021.03.25-23.30.10:191][378]LogRenderer: Reallocating scene render targets to support 1212x692 Format 10 NumSamples 1 (Frame:1).
[2021.03.25-23.31.06:703][701]LogEditorTransaction: Undo Change Bool Pin Value
[2021.03.25-23.31.15:056][194]BlueprintLog: New page: Compile VPlayer
[2021.03.25-23.31.15:257][194]LogUObjectHash: Compacting FUObjectHashTables data took   3.94ms
[2021.03.25-23.31.15:355][194]Cmd: OBJ SAVEPACKAGE PACKAGE="/Game/VBluePrints/VPlayer" FILE="../../../../UE_4.25_Projects/UnrealGrapplingProject/GrapplingProject/ProjetUnreal_Copy/Content/VBluePrints/VPlayer.uasset" SILENT=true
[2021.03.25-23.31.15:582][194]LogSavePackage: Moving '../../../../UE_4.25_Projects/UnrealGrapplingProject/GrapplingProject/ProjetUnreal_Copy/Saved/VPlayerD24BDC6A41179B243687B59A98824DAB.tmp' to '../../../../UE_4.25_Projects/UnrealGrapplingProject/GrapplingProject/ProjetUnreal_Copy/Content/VBluePrints/VPlayer.uasset'
[2021.03.25-23.31.15:599][194]AssetCheck: New page: Asset Save: VPlayer
[2021.03.25-23.31.15:599][194]LogContentValidation: Display: Validating Blueprint /Game/VBluePrints/VPlayer.VPlayer
[2021.03.25-23.31.35:971][379]LogSlate: Window 'Find in Blueprints' being destroyed
[2021.03.25-23.31.35:975][379]LogSlate: Window 'Find in Blueprints' being destroyed
[2021.03.25-23.31.44:454][887]BlueprintLog: New page: Compile PauseMenu
[2021.03.25-23.31.44:515][887]LogUObjectHash: Compacting FUObjectHashTables data took   3.79ms
[2021.03.25-23.31.44:609][887]Cmd: OBJ SAVEPACKAGE PACKAGE="/Game/JMenu/PauseMenu" FILE="../../../../UE_4.25_Projects/UnrealGrapplingProject/GrapplingProject/ProjetUnreal_Copy/Content/JMenu/PauseMenu.uasset" SILENT=true
[2021.03.25-23.31.44:642][887]LogSavePackage: Moving '../../../../UE_4.25_Projects/UnrealGrapplingProject/GrapplingProject/ProjetUnreal_Copy/Saved/PauseMenuBBBFDA0A47DD9CF70FB8CEAB974B1C50.tmp' to '../../../../UE_4.25_Projects/UnrealGrapplingProject/GrapplingProject/ProjetUnreal_Copy/Content/JMenu/PauseMenu.uasset'
[2021.03.25-23.31.44:659][887]AssetCheck: New page: Asset Save: PauseMenu
[2021.03.25-23.31.44:659][887]LogContentValidation: Display: Validating WidgetBlueprint /Game/JMenu/PauseMenu.PauseMenu
[2021.03.25-23.32.20:149][978]LogSlate: Window 'Find in Blueprints' being destroyed
[2021.03.25-23.32.20:154][978]LogSlate: Window 'Find in Blueprints' being destroyed
[2021.03.25-23.32.39:679][132]LogSlate: Window 'Find in Blueprints' being destroyed
[2021.03.25-23.32.39:683][132]LogSlate: Window 'Find in Blueprints' being destroyed
[2021.03.25-23.32.44:787][437]BlueprintLog: New page: Compile PauseMenu
[2021.03.25-23.32.44:849][437]LogUObjectHash: Compacting FUObjectHashTables data took   3.81ms
[2021.03.25-23.32.44:951][437]Cmd: OBJ SAVEPACKAGE PACKAGE="/Game/JMenu/PauseMenu" FILE="../../../../UE_4.25_Projects/UnrealGrapplingProject/GrapplingProject/ProjetUnreal_Copy/Content/JMenu/PauseMenu.uasset" SILENT=true
[2021.03.25-23.32.44:977][437]LogSavePackage: Moving '../../../../UE_4.25_Projects/UnrealGrapplingProject/GrapplingProject/ProjetUnreal_Copy/Saved/PauseMenuDC290ABF46DD0220035288A676E6FE4C.tmp' to '../../../../UE_4.25_Projects/UnrealGrapplingProject/GrapplingProject/ProjetUnreal_Copy/Content/JMenu/PauseMenu.uasset'
[2021.03.25-23.32.44:989][437]AssetCheck: New page: Asset Save: PauseMenu
[2021.03.25-23.32.44:989][437]LogContentValidation: Display: Validating WidgetBlueprint /Game/JMenu/PauseMenu.PauseMenu
